URL: https://x8ki-letl-twmt.n7.xano.io/api:Aq4gqggC/volunteer
Response Code: 200
Error: 
Info: Array
(
    [url] => https://x8ki-letl-twmt.n7.xano.io/api:Aq4gqggC/volunteer
    [content_type] => application/json; charset=UTF-8
    [http_code] => 200
    [header_size] => 824
    [request_size] => 536
    [filetime] => -1
    [ssl_verify_result] => 0
    [redirect_count] => 0
    [total_time] => 0.578088
    [namelookup_time] => 0.012639
    [connect_time] => 0.181865
    [pretransfer_time] => 0.355898
    [size_upload] => 0
    [size_download] => 2
    [speed_download] => 3
    [speed_upload] => 0
    [download_content_length] => -1
    [upload_content_length] => 0
    [starttransfer_time] => 0.577765
    [redirect_time] => 0
    [redirect_url] => 
    [primary_ip] => 35.193.186.65
    [certinfo] => Array
        (
        )

    [primary_port] => 443
    [local_ip] => 192.168.0.180
    [local_port] => 58582
    [http_version] => 3
    [protocol] => 2
    [ssl_verifyresult] => 0
    [scheme] => HTTPS
    [appconnect_time_us] => 355799
    [connect_time_us] => 181865
    [namelookup_time_us] => 12639
    [pretransfer_time_us] => 355898
    [redirect_time_us] => 0
    [starttransfer_time_us] => 577765
    [total_time_us] => 578088
    [effective_method] => GET
)

Response: []

URL: https://x8ki-letl-twmt.n7.xano.io/api:Aq4gqggC/volunteer
Response Code: 200
Error: 
Info: Array
(
    [url] => https://x8ki-letl-twmt.n7.xano.io/api:Aq4gqggC/volunteer
    [content_type] => application/json; charset=UTF-8
    [http_code] => 200
    [header_size] => 824
    [request_size] => 536
    [filetime] => -1
    [ssl_verify_result] => 0
    [redirect_count] => 0
    [total_time] => 0.562161
    [namelookup_time] => 0.011432
    [connect_time] => 0.178272
    [pretransfer_time] => 0.353339
    [size_upload] => 0
    [size_download] => 2
    [speed_download] => 3
    [speed_upload] => 0
    [download_content_length] => -1
    [upload_content_length] => 0
    [starttransfer_time] => 0.561851
    [redirect_time] => 0
    [redirect_url] => 
    [primary_ip] => 35.193.186.65
    [certinfo] => Array
        (
        )

    [primary_port] => 443
    [local_ip] => 192.168.0.180
    [local_port] => 58590
    [http_version] => 3
    [protocol] => 2
    [ssl_verifyresult] => 0
    [scheme] => HTTPS
    [appconnect_time_us] => 353221
    [connect_time_us] => 178272
    [namelookup_time_us] => 11432
    [pretransfer_time_us] => 353339
    [redirect_time_us] => 0
    [starttransfer_time_us] => 561851
    [total_time_us] => 562161
    [effective_method] => GET
)

Response: []

URL: https://x8ki-letl-twmt.n7.xano.io/api:Aq4gqggC/volunteer
Response Code: 200
Error: 
Info: Array
(
    [url] => https://x8ki-letl-twmt.n7.xano.io/api:Aq4gqggC/volunteer
    [content_type] => application/json; charset=UTF-8
    [http_code] => 200
    [header_size] => 824
    [request_size] => 536
    [filetime] => -1
    [ssl_verify_result] => 0
    [redirect_count] => 0
    [total_time] => 0.570681
    [namelookup_time] => 0.020872
    [connect_time] => 0.189251
    [pretransfer_time] => 0.362022
    [size_upload] => 0
    [size_download] => 2
    [speed_download] => 3
    [speed_upload] => 0
    [download_content_length] => -1
    [upload_content_length] => 0
    [starttransfer_time] => 0.570568
    [redirect_time] => 0
    [redirect_url] => 
    [primary_ip] => 35.193.186.65
    [certinfo] => Array
        (
        )

    [primary_port] => 443
    [local_ip] => 192.168.0.180
    [local_port] => 58633
    [http_version] => 3
    [protocol] => 2
    [ssl_verifyresult] => 0
    [scheme] => HTTPS
    [appconnect_time_us] => 361935
    [connect_time_us] => 189251
    [namelookup_time_us] => 20872
    [pretransfer_time_us] => 362022
    [redirect_time_us] => 0
    [starttransfer_time_us] => 570568
    [total_time_us] => 570681
    [effective_method] => GET
)

Response: []

URL: https://x8ki-letl-twmt.n7.xano.io/api:Aq4gqggC/volunteer
Response Code: 200
Error: 
Info: Array
(
    [url] => https://x8ki-letl-twmt.n7.xano.io/api:Aq4gqggC/volunteer
    [content_type] => application/json; charset=UTF-8
    [http_code] => 200
    [header_size] => 824
    [request_size] => 536
    [filetime] => -1
    [ssl_verify_result] => 0
    [redirect_count] => 0
    [total_time] => 0.701589
    [namelookup_time] => 0.001002
    [connect_time] => 0.187353
    [pretransfer_time] => 0.359986
    [size_upload] => 0
    [size_download] => 2
    [speed_download] => 2
    [speed_upload] => 0
    [download_content_length] => -1
    [upload_content_length] => 0
    [starttransfer_time] => 0.701552
    [redirect_time] => 0
    [redirect_url] => 
    [primary_ip] => 35.193.186.65
    [certinfo] => Array
        (
        )

    [primary_port] => 443
    [local_ip] => 192.168.0.180
    [local_port] => 58741
    [http_version] => 3
    [protocol] => 2
    [ssl_verifyresult] => 0
    [scheme] => HTTPS
    [appconnect_time_us] => 359905
    [connect_time_us] => 187353
    [namelookup_time_us] => 1002
    [pretransfer_time_us] => 359986
    [redirect_time_us] => 0
    [starttransfer_time_us] => 701552
    [total_time_us] => 701589
    [effective_method] => GET
)

Response: []

URL: https://x8ki-letl-twmt.n7.xano.io/api:Aq4gqggC/volunteer
Response Code: 200
Error: 
Info: Array
(
    [url] => https://x8ki-letl-twmt.n7.xano.io/api:Aq4gqggC/volunteer
    [content_type] => application/json; charset=UTF-8
    [http_code] => 200
    [header_size] => 824
    [request_size] => 536
    [filetime] => -1
    [ssl_verify_result] => 0
    [redirect_count] => 0
    [total_time] => 0.557359
    [namelookup_time] => 0.012577
    [connect_time] => 0.179925
    [pretransfer_time] => 0.352905
    [size_upload] => 0
    [size_download] => 2
    [speed_download] => 3
    [speed_upload] => 0
    [download_content_length] => -1
    [upload_content_length] => 0
    [starttransfer_time] => 0.557205
    [redirect_time] => 0
    [redirect_url] => 
    [primary_ip] => 35.193.186.65
    [certinfo] => Array
        (
        )

    [primary_port] => 443
    [local_ip] => 192.168.0.180
    [local_port] => 58777
    [http_version] => 3
    [protocol] => 2
    [ssl_verifyresult] => 0
    [scheme] => HTTPS
    [appconnect_time_us] => 352825
    [connect_time_us] => 179925
    [namelookup_time_us] => 12577
    [pretransfer_time_us] => 352905
    [redirect_time_us] => 0
    [starttransfer_time_us] => 557205
    [total_time_us] => 557359
    [effective_method] => GET
)

Response: []

URL: https://x8ki-letl-twmt.n7.xano.io/api:Aq4gqggC/volunteer
Response Code: 200
Error: 
Info: Array
(
    [url] => https://x8ki-letl-twmt.n7.xano.io/api:Aq4gqggC/volunteer
    [content_type] => application/json; charset=UTF-8
    [http_code] => 200
    [header_size] => 824
    [request_size] => 536
    [filetime] => -1
    [ssl_verify_result] => 0
    [redirect_count] => 0
    [total_time] => 0.567103
    [namelookup_time] => 0.01326
    [connect_time] => 0.185562
    [pretransfer_time] => 0.36443
    [size_upload] => 0
    [size_download] => 289
    [speed_download] => 509
    [speed_upload] => 0
    [download_content_length] => -1
    [upload_content_length] => 0
    [starttransfer_time] => 0.56702
    [redirect_time] => 0
    [redirect_url] => 
    [primary_ip] => 35.193.186.65
    [certinfo] => Array
        (
        )

    [primary_port] => 443
    [local_ip] => 192.168.0.180
    [local_port] => 58986
    [http_version] => 3
    [protocol] => 2
    [ssl_verifyresult] => 0
    [scheme] => HTTPS
    [appconnect_time_us] => 364257
    [connect_time_us] => 185562
    [namelookup_time_us] => 13260
    [pretransfer_time_us] => 364430
    [redirect_time_us] => 0
    [starttransfer_time_us] => 567020
    [total_time_us] => 567103
    [effective_method] => GET
)

Response: [{"id":1,"created_at":1741740427726,"volunteer_name":"Tomasz Polak","email":"tp@gmail.com","phone_number":"666008888","availability":"Pon, Wt, Czw"},{"id":2,"created_at":1741740458622,"volunteer_name":"Beata Kozidrak","email":"bk@gmail.com","phone_number":"444555666","availability":"Pt"}]

URL: https://x8ki-letl-twmt.n7.xano.io/api:Aq4gqggC/volunteer
Response Code: 200
Error: 
Info: Array
(
    [url] => https://x8ki-letl-twmt.n7.xano.io/api:Aq4gqggC/volunteer
    [content_type] => application/json; charset=UTF-8
    [http_code] => 200
    [header_size] => 824
    [request_size] => 536
    [filetime] => -1
    [ssl_verify_result] => 0
    [redirect_count] => 0
    [total_time] => 0.567484
    [namelookup_time] => 0.01182
    [connect_time] => 0.180428
    [pretransfer_time] => 0.355702
    [size_upload] => 0
    [size_download] => 289
    [speed_download] => 509
    [speed_upload] => 0
    [download_content_length] => -1
    [upload_content_length] => 0
    [starttransfer_time] => 0.567164
    [redirect_time] => 0
    [redirect_url] => 
    [primary_ip] => 35.193.186.65
    [certinfo] => Array
        (
        )

    [primary_port] => 443
    [local_ip] => 192.168.0.180
    [local_port] => 59033
    [http_version] => 3
    [protocol] => 2
    [ssl_verifyresult] => 0
    [scheme] => HTTPS
    [appconnect_time_us] => 355560
    [connect_time_us] => 180428
    [namelookup_time_us] => 11820
    [pretransfer_time_us] => 355702
    [redirect_time_us] => 0
    [starttransfer_time_us] => 567164
    [total_time_us] => 567484
    [effective_method] => GET
)

Response: [{"id":1,"created_at":1741740427726,"volunteer_name":"Tomasz Polak","email":"tp@gmail.com","phone_number":"666008888","availability":"Pon, Wt, Czw"},{"id":2,"created_at":1741740458622,"volunteer_name":"Beata Kozidrak","email":"bk@gmail.com","phone_number":"444555666","availability":"Pt"}]

URL: https://x8ki-letl-twmt.n7.xano.io/api:Aq4gqggC/volunteer
Response Code: 200
Error: 
Info: Array
(
    [url] => https://x8ki-letl-twmt.n7.xano.io/api:Aq4gqggC/volunteer
    [content_type] => application/json; charset=UTF-8
    [http_code] => 200
    [header_size] => 824
    [request_size] => 536
    [filetime] => -1
    [ssl_verify_result] => 0
    [redirect_count] => 0
    [total_time] => 0.581522
    [namelookup_time] => 0.012763
    [connect_time] => 0.182668
    [pretransfer_time] => 0.361789
    [size_upload] => 0
    [size_download] => 289
    [speed_download] => 496
    [speed_upload] => 0
    [download_content_length] => -1
    [upload_content_length] => 0
    [starttransfer_time] => 0.581264
    [redirect_time] => 0
    [redirect_url] => 
    [primary_ip] => 35.193.186.65
    [certinfo] => Array
        (
        )

    [primary_port] => 443
    [local_ip] => 192.168.0.180
    [local_port] => 59228
    [http_version] => 3
    [protocol] => 2
    [ssl_verifyresult] => 0
    [scheme] => HTTPS
    [appconnect_time_us] => 361701
    [connect_time_us] => 182668
    [namelookup_time_us] => 12763
    [pretransfer_time_us] => 361789
    [redirect_time_us] => 0
    [starttransfer_time_us] => 581264
    [total_time_us] => 581522
    [effective_method] => GET
)

Response: [{"id":1,"created_at":1741740427726,"volunteer_name":"Tomasz Polak","email":"tp@gmail.com","phone_number":"666008888","availability":"Pon, Wt, Czw"},{"id":2,"created_at":1741740458622,"volunteer_name":"Beata Kozidrak","email":"bk@gmail.com","phone_number":"444555666","availability":"Pt"}]

URL: https://x8ki-letl-twmt.n7.xano.io/api:Aq4gqggC/volunteer
Response Code: 200
Error: 
Info: Array
(
    [url] => https://x8ki-letl-twmt.n7.xano.io/api:Aq4gqggC/volunteer
    [content_type] => application/json; charset=UTF-8
    [http_code] => 200
    [header_size] => 824
    [request_size] => 536
    [filetime] => -1
    [ssl_verify_result] => 0
    [redirect_count] => 0
    [total_time] => 0.587091
    [namelookup_time] => 0.000916
    [connect_time] => 0.19311
    [pretransfer_time] => 0.373376
    [size_upload] => 0
    [size_download] => 289
    [speed_download] => 492
    [speed_upload] => 0
    [download_content_length] => -1
    [upload_content_length] => 0
    [starttransfer_time] => 0.586765
    [redirect_time] => 0
    [redirect_url] => 
    [primary_ip] => 35.193.186.65
    [certinfo] => Array
        (
        )

    [primary_port] => 443
    [local_ip] => 192.168.0.180
    [local_port] => 59243
    [http_version] => 3
    [protocol] => 2
    [ssl_verifyresult] => 0
    [scheme] => HTTPS
    [appconnect_time_us] => 373223
    [connect_time_us] => 193110
    [namelookup_time_us] => 916
    [pretransfer_time_us] => 373376
    [redirect_time_us] => 0
    [starttransfer_time_us] => 586765
    [total_time_us] => 587091
    [effective_method] => GET
)

Response: [{"id":1,"created_at":1741740427726,"volunteer_name":"Tomasz Polak","email":"tp@gmail.com","phone_number":"666008888","availability":"Pon, Wt, Czw"},{"id":2,"created_at":1741740458622,"volunteer_name":"Beata Kozidrak","email":"bk@gmail.com","phone_number":"444555666","availability":"Pt"}]

URL: https://x8ki-letl-twmt.n7.xano.io/api:Aq4gqggC/volunteer
Response Code: 200
Error: 
Info: Array
(
    [url] => https://x8ki-letl-twmt.n7.xano.io/api:Aq4gqggC/volunteer
    [content_type] => application/json; charset=UTF-8
    [http_code] => 200
    [header_size] => 824
    [request_size] => 536
    [filetime] => -1
    [ssl_verify_result] => 0
    [redirect_count] => 0
    [total_time] => 0.546622
    [namelookup_time] => 0.000992
    [connect_time] => 0.168235
    [pretransfer_time] => 0.345059
    [size_upload] => 0
    [size_download] => 289
    [speed_download] => 528
    [speed_upload] => 0
    [download_content_length] => -1
    [upload_content_length] => 0
    [starttransfer_time] => 0.546296
    [redirect_time] => 0
    [redirect_url] => 
    [primary_ip] => 35.193.186.65
    [certinfo] => Array
        (
        )

    [primary_port] => 443
    [local_ip] => 192.168.0.180
    [local_port] => 59324
    [http_version] => 3
    [protocol] => 2
    [ssl_verifyresult] => 0
    [scheme] => HTTPS
    [appconnect_time_us] => 344971
    [connect_time_us] => 168235
    [namelookup_time_us] => 992
    [pretransfer_time_us] => 345059
    [redirect_time_us] => 0
    [starttransfer_time_us] => 546296
    [total_time_us] => 546622
    [effective_method] => GET
)

Response: [{"id":1,"created_at":1741740427726,"volunteer_name":"Tomasz Polak","email":"tp@gmail.com","phone_number":"666008888","availability":"Pon, Wt, Czw"},{"id":2,"created_at":1741740458622,"volunteer_name":"Beata Kozidrak","email":"bk@gmail.com","phone_number":"444555666","availability":"Pt"}]

