URL: https://x8ki-letl-twmt.n7.xano.io/animal/50
Response Code: 200
Error: 
Info: Array
(
    [url] => https://x8ki-letl-twmt.n7.xano.io/animal/50
    [content_type] => text/html
    [http_code] => 200
    [header_size] => 620
    [request_size] => 523
    [filetime] => -1
    [ssl_verify_result] => 0
    [redirect_count] => 0
    [total_time] => 0.707322
    [namelookup_time] => 0.013952
    [connect_time] => 0.1878
    [pretransfer_time] => 0.361286
    [size_upload] => 0
    [size_download] => 9767
    [speed_download] => 13808
    [speed_upload] => 0
    [download_content_length] => 9767
    [upload_content_length] => 0
    [starttransfer_time] => 0.533706
    [redirect_time] => 0
    [redirect_url] => 
    [primary_ip] => 35.193.186.65
    [certinfo] => Array
        (
        )

    [primary_port] => 443
    [local_ip] => 192.168.0.180
    [local_port] => 54096
    [http_version] => 3
    [protocol] => 2
    [ssl_verifyresult] => 0
    [scheme] => HTTPS
    [appconnect_time_us] => 361199
    [connect_time_us] => 187800
    [namelookup_time_us] => 13952
    [pretransfer_time_us] => 361286
    [redirect_time_us] => 0
    [starttransfer_time_us] => 533706
    [total_time_us] => 707322
    [effective_method] => GET
)

Response: <!doctype html>
<html lang="en">
  <head>
    <link rel="apple-touch-icon" sizes="57x57" href="https://cdn.xano.com/frontend/0.1.1690-ckaNy8iA/assets/favicon/apple-icon-57x57.png"/>
    <link rel="apple-touch-icon" sizes="60x60" href="https://cdn.xano.com/frontend/0.1.1690-ckaNy8iA/assets/favicon/apple-icon-60x60.png"/>
    <link rel="apple-touch-icon" sizes="72x72" href="https://cdn.xano.com/frontend/0.1.1690-ckaNy8iA/assets/favicon/apple-icon-72x72.png"/>
    <link rel="apple-touch-icon" sizes="76x76" href="https://cdn.xano.com/frontend/0.1.1690-ckaNy8iA/assets/favicon/apple-icon-76x76.png"/>
    <link rel="apple-touch-icon" sizes="114x114" href="https://cdn.xano.com/frontend/0.1.1690-ckaNy8iA/assets/favicon/apple-icon-114x114.png"/>
    <link rel="apple-touch-icon" sizes="120x120" href="https://cdn.xano.com/frontend/0.1.1690-ckaNy8iA/assets/favicon/apple-icon-120x120.png"/>
    <link rel="apple-touch-icon" sizes="144x144" href="https://cdn.xano.com/frontend/0.1.1690-ckaNy8iA/assets/favicon/apple-icon-144x144.png"/>
    <link rel="apple-touch-icon" sizes="152x152" href="https://cdn.xano.com/frontend/0.1.1690-ckaNy8iA/assets/favicon/apple-icon-152x152.png"/>
    <link rel="apple-touch-icon" sizes="180x180" href="https://cdn.xano.com/frontend/0.1.1690-ckaNy8iA/assets/favicon/apple-icon-180x180.png"/>
    <link rel="icon" type="image/png" sizes="192x192" href="https://cdn.xano.com/frontend/0.1.1690-ckaNy8iA/assets/favicon/android-icon-192x192.png"/>
    <link rel="icon" type="image/png" sizes="32x32" href="https://cdn.xano.com/frontend/0.1.1690-ckaNy8iA/assets/favicon/favicon-32x32.png"/>
    <link rel="icon" type="image/png" sizes="96x96" href="https://cdn.xano.com/frontend/0.1.1690-ckaNy8iA/assets/favicon/favicon-96x96.png"/>
    <link rel="icon" type="image/png" sizes="16x16" href="https://cdn.xano.com/frontend/0.1.1690-ckaNy8iA/assets/favicon/favicon-16x16.png"/>
    <link rel="manifest" href="https://cdn.xano.com/frontend/0.1.1690-ckaNy8iA/assets/favicon/manifest.json"/>
    <meta property="og:locale" content="en_US"/>
    <meta property="og:site_name" content="Xano"/>
    <meta property="og:image" content="https://cdn.xano.com/frontend/0.1.1690-ckaNy8iA/assets/img/og/og-xano.webp"/>
    <meta property="twitter:card" content="summary_large_image"/>
    <meta name="msapplication-TileColor" content="#ffffff"/>
    <meta name="msapplication-TileImage" content="https://cdn.xano.com/frontend/0.1.1690-ckaNy8iA/assets/favicon/ms-icon-144x144.png"/>
    <meta name="theme-color" content="#ffffff" irrelevant-attribute="test"/>
    <meta name="robots" content="index, follow, max-snippet:-1, max-image-preview:large, max-video-preview:-1"/>
    <style type="text/css">
      body,
      html {
        height: 100%;
        margin: 0;
        padding: 0;
        overflow: hidden;
        background-color: #051432 !important;
      }

      #app-loading {
        position: relative;
        display: flex;
        flex-direction: column;
        align-items: center;
        justify-content: center;
        height: 100%;
        gap: 2rem;
      }

      #app-loading .logo {
        width: 90%;
        max-width: 240px;
        height: auto;
      }

      #html-spinner {
        width: 36px;
        height: 36px;
        border: 4px solid rgba(255, 255, 255, 0.2);
        border-top: 4px solid #fff;
        border-radius: 50%;
      }

      #html-spinner {
        -webkit-transition-property: -webkit-transform;
        -webkit-transition-duration: 1.2s;
        -webkit-animation-name: rotate;
        -webkit-animation-iteration-count: infinite;
        -webkit-animation-timing-function: linear;
        -moz-transition-property: -moz-transform;
        -moz-animation-name: rotate;
        -moz-animation-duration: 1.2s;
        -moz-animation-iteration-count: infinite;
        -moz-animation-timing-function: linear;
        transition-property: transform;
        transition-duration: 1.2s;
        animation-name: rotate;
        animation-duration: 1.2s;
        animation-iteration-count: infinite;
        animation-timing-function: linear;
      }

      @-webkit-keyframes rotate {
        from {
          -webkit-transform: rotate(0deg);
        }
        to {
          -webkit-transform: rotate(360deg);
        }
      }

      @-moz-keyframes rotate {
        from {
          -moz-transform: rotate(0deg);
        }
        to {
          -moz-transform: rotate(360deg);
        }
      }

      @keyframes rotate {
        from {
          transform: rotate(0deg);
        }
        to {
          transform: rotate(360deg);
        }
      }
    </style>
    <meta charset="utf-8"/>
    <title>Xano</title>
    <base href="/"/>
    <meta name="viewport" content="width=device-width, initial-scale=1"/>
  <link rel="stylesheet" href="https://cdn.xano.com/frontend/0.1.1690-ckaNy8iA/styles-FG35O6ZA.css"><script>window['$XA']={"imgSrcPrefix":"https://cdn.xano.com/frontend/0.1.1690-ckaNy8iA/"};</script></head>

  <body class="d-none">
    <div id="app-loading">
      <svg xmlns="http://www.w3.org/2000/svg" width="108" height="24" viewBox="0 0 108 24" fill="none" class="logo">
        <g clip-path="url(#clip0_37_4829)">
          <path d="M47.1247 1.74367C46.8624 1.27983 46.5101 0.872166 46.0886 0.544149C45.5954 0.178618 44.9935 -0.0126732 44.3784 0.000651865C43.7651 -0.0106304 43.1648 0.17686 42.6683 0.534771C42.2391 0.856716 41.8812 1.26312 41.6169 1.72863L31.376 18.6987L35.7196 22.8366L44.2402 8.47218L47.8811 14.5525H42.439L39.9706 18.7975L50.4163 18.8193L53.3379 23.6905H60.4145L47.1247 1.74367Z" fill="#ffffff"/>
          <path d="M73.16 0.11754V14.0936L59.9933 1.10901C59.6737 0.778314 59.2977 0.506252 58.883 0.305321C58.4883 0.123066 58.0585 0.0286839 57.6233 0.028775C57.202 0.0171156 56.7833 0.0986448 56.3974 0.26747C56.0116 0.436295 55.6684 0.688199 55.3925 1.00497C54.8566 1.66315 54.5799 2.49261 54.6142 3.33861V12.1595L60.3747 21.743V9.74106L73.4834 22.8446C74.2246 23.5797 75.0588 23.9531 75.9671 23.9531C76.3767 23.9607 76.7831 23.8788 77.1576 23.7134C77.5319 23.5479 77.8651 23.3027 78.1339 22.9952C78.6561 22.4024 78.9209 21.6087 78.9209 20.6397V0.11754H73.16Z" fill="#ffffff"/>
          <path d="M107.07 7.15248C106.54 5.78137 105.727 4.53622 104.681 3.49773C103.636 2.45922 102.383 1.65054 101.004 1.12407C99.5217 0.555411 97.9445 0.271299 96.356 0.286795H91.1666C89.6184 0.27376 88.0815 0.552156 86.6374 1.10727C85.2741 1.6374 84.0318 2.43465 82.9847 3.45159C81.9288 4.48951 81.103 5.73531 80.5601 7.10907C79.974 8.59423 79.6806 10.1775 79.6959 11.7726C79.684 13.3748 79.9731 14.965 80.5485 16.4617C81.0904 17.8702 81.9076 19.1581 82.9529 20.2513C83.9909 21.3231 85.2317 22.1806 86.6039 22.7749C88.0451 23.3977 89.6019 23.7126 91.1734 23.6992H96.3595C98.6752 23.7354 100.946 23.0601 102.861 21.7656C104.776 20.4711 106.242 18.6205 107.059 16.4667C107.634 14.9702 107.924 13.3798 107.911 11.7777C107.929 10.1968 107.644 8.62716 107.07 7.15248ZM96.3594 17.791H91.1666C90.4055 17.7985 89.651 17.65 88.9502 17.3548C88.2954 17.0785 87.7043 16.6723 87.2131 16.161C86.7111 15.6286 86.3205 15.0025 86.0641 14.3189C85.7764 13.5602 85.6324 12.7551 85.6395 11.9443C85.6285 11.1357 85.7714 10.3323 86.0606 9.5764C86.3196 8.90826 86.709 8.29759 87.2063 7.77951C87.6982 7.27582 88.288 6.87696 88.94 6.60723C89.6466 6.32328 90.4035 6.18319 91.1657 6.19525H96.3586C97.1381 6.18658 97.9115 6.33211 98.6338 6.62337C99.3021 6.88852 99.907 7.29007 100.409 7.80208C100.912 8.31409 101.301 8.92516 101.55 9.59581C101.839 10.3476 101.983 11.1466 101.975 11.9512C101.982 12.7621 101.838 13.5672 101.55 14.3259C101.293 15.0078 100.899 15.6309 100.393 16.1578C99.89 16.6714 99.2884 17.0794 98.6237 17.3574C97.9065 17.6536 97.1359 17.8009 96.3594 17.791Z" fill="#ffffff"/>
          <path d="M23.4625 11.3105L35.1795 0.291809H24.8812L18.3135 6.46918L23.4238 11.2734L23.4625 11.3105Z" fill="#ffffff"/>
          <path d="M23.4238 12.7087L18.3135 17.5147L24.8812 23.6905H35.1795L23.4625 12.6719L23.4238 12.7087Z" fill="#ffffff"/>
          <path d="M10.2983 0.291809H0L12.4396 11.992L0 23.6906H10.2983L22.7407 11.992L10.2983 0.291809Z" fill="#ffffff"/>
        </g>
        <defs>
          <clipPath id="clip0_37_4829">
            <rect width="108" height="24" fill="white"/>
          </clipPath>
        </defs>
      </svg>
      <div id="html-spinner"></div>
    </div>
    <app-root id="app-root" style="display: none"></app-root>
    <div class="selection-rect"></div>
  <link rel="modulepreload" href="https://cdn.xano.com/frontend/0.1.1690-ckaNy8iA/chunk-V5QNCAPT.js"><link rel="modulepreload" href="https://cdn.xano.com/frontend/0.1.1690-ckaNy8iA/chunk-LWYVSBYE.js"><link rel="modulepreload" href="https://cdn.xano.com/frontend/0.1.1690-ckaNy8iA/chunk-LRR5ZOTQ.js"><link rel="modulepreload" href="https://cdn.xano.com/frontend/0.1.1690-ckaNy8iA/chunk-TBPQCY5L.js"><link rel="modulepreload" href="https://cdn.xano.com/frontend/0.1.1690-ckaNy8iA/chunk-BUCP2XCK.js"><link rel="modulepreload" href="https://cdn.xano.com/frontend/0.1.1690-ckaNy8iA/chunk-657M5R6F.js"><link rel="modulepreload" href="https://cdn.xano.com/frontend/0.1.1690-ckaNy8iA/chunk-LZN2DUDT.js"><link rel="modulepreload" href="https://cdn.xano.com/frontend/0.1.1690-ckaNy8iA/chunk-HNVSZXKU.js"><link rel="modulepreload" href="https://cdn.xano.com/frontend/0.1.1690-ckaNy8iA/chunk-USMS5KOL.js"><link rel="modulepreload" href="https://cdn.xano.com/frontend/0.1.1690-ckaNy8iA/chunk-3HSWH24G.js"><script src="https://cdn.xano.com/frontend/0.1.1690-ckaNy8iA/polyfills-PCG4JVQG.js" type="module"></script><script src="https://cdn.xano.com/frontend/0.1.1690-ckaNy8iA/scripts-HP4BSX2P.js" defer></script><script src="https://cdn.xano.com/frontend/0.1.1690-ckaNy8iA/main-3VYHP4XZ.js" type="module"></script></body>
</html>


URL: https://x8ki-letl-twmt.n7.xano.io/api:Aq4gqggC/animal/50
Response Code: 200
Error: 
Info: Array
(
    [url] => https://x8ki-letl-twmt.n7.xano.io/api:Aq4gqggC/animal/50
    [content_type] => application/json; charset=UTF-8
    [http_code] => 200
    [header_size] => 824
    [request_size] => 536
    [filetime] => -1
    [ssl_verify_result] => 0
    [redirect_count] => 0
    [total_time] => 0.620395
    [namelookup_time] => 0.043868
    [connect_time] => 0.230783
    [pretransfer_time] => 0.404187
    [size_upload] => 0
    [size_download] => 428
    [speed_download] => 689
    [speed_upload] => 0
    [download_content_length] => -1
    [upload_content_length] => 0
    [starttransfer_time] => 0.620081
    [redirect_time] => 0
    [redirect_url] => 
    [primary_ip] => 35.193.186.65
    [certinfo] => Array
        (
        )

    [primary_port] => 443
    [local_ip] => 192.168.0.180
    [local_port] => 54267
    [http_version] => 3
    [protocol] => 2
    [ssl_verifyresult] => 0
    [scheme] => HTTPS
    [appconnect_time_us] => 404046
    [connect_time_us] => 230783
    [namelookup_time_us] => 43868
    [pretransfer_time_us] => 404187
    [redirect_time_us] => 0
    [starttransfer_time_us] => 620081
    [total_time_us] => 620395
    [effective_method] => GET
)

Response: {"id":50,"created_at":1741733609000,"name":"Animal50","species":"Cat","breed":"Siamese","age":"8 years","adoption_status":"Available","arrival_date":"2022-10-31","description":"A lovely cat of breed Siamese.","medical_conditions":"Epilepsy","photo":"https://example.com/photos/50.jpg","video":"https://example.com/videos/50.mp4","weight":41.19,"vaccinations":"Rabies, Distemper","special_needs":"Deaf","behavioral_notes":"Calm"}

URL: https://x8ki-letl-twmt.n7.xano.io/api:Aq4gqggC/animal/50
Response Code: 200
Error: 
Info: Array
(
    [url] => https://x8ki-letl-twmt.n7.xano.io/api:Aq4gqggC/animal/50
    [content_type] => application/json; charset=UTF-8
    [http_code] => 200
    [header_size] => 843
    [request_size] => 536
    [filetime] => -1
    [ssl_verify_result] => 0
    [redirect_count] => 0
    [total_time] => 1.12283
    [namelookup_time] => 0.013345
    [connect_time] => 0.182537
    [pretransfer_time] => 0.361564
    [size_upload] => 0
    [size_download] => 589
    [speed_download] => 524
    [speed_upload] => 0
    [download_content_length] => -1
    [upload_content_length] => 0
    [starttransfer_time] => 1.121608
    [redirect_time] => 0
    [redirect_url] => 
    [primary_ip] => 35.193.186.65
    [certinfo] => Array
        (
        )

    [primary_port] => 443
    [local_ip] => 192.168.0.180
    [local_port] => 55370
    [http_version] => 3
    [protocol] => 2
    [ssl_verifyresult] => 0
    [scheme] => HTTPS
    [appconnect_time_us] => 361422
    [connect_time_us] => 182537
    [namelookup_time_us] => 13345
    [pretransfer_time_us] => 361564
    [redirect_time_us] => 0
    [starttransfer_time_us] => 1121608
    [total_time_us] => 1122830
    [effective_method] => GET
)

Response: {"id":50,"created_at":1741733609000,"name":"Animal50","species":"Cat","breed":"Siamese","age":"8 years","adoption_status":"Available","arrival_date":"2022-10-31","description":"A lovely cat of breed Siamese.","medical_conditions":"Epilepsy","photo":"https://media.istockphoto.com/id/485288986/pl/wektor/przyk%C5%82adowe-zdj%C4%99cie-kot-tajski.jpg?s=1024x1024\u0026w=is\u0026k=20\u0026c=8Ac2RUKvw4TrrS1ps0jSneMIQxHpcj6T3fcp4vM_TeY=","video":"https://c.tenor.com/9LRdFvyeEZAAAAAC/tenor.gif","weight":41.19,"vaccinations":"Rabies, Distemper","special_needs":"Deaf","behavioral_notes":"Calm"}

URL: https://x8ki-letl-twmt.n7.xano.io/api:Aq4gqggC/animal/50
Response Code: 200
Error: 
Info: Array
(
    [url] => https://x8ki-letl-twmt.n7.xano.io/api:Aq4gqggC/animal/50
    [content_type] => application/json; charset=UTF-8
    [http_code] => 200
    [header_size] => 843
    [request_size] => 536
    [filetime] => -1
    [ssl_verify_result] => 0
    [redirect_count] => 0
    [total_time] => 1.000088
    [namelookup_time] => 0.032403
    [connect_time] => 0.198241
    [pretransfer_time] => 0.371374
    [size_upload] => 0
    [size_download] => 589
    [speed_download] => 588
    [speed_upload] => 0
    [download_content_length] => -1
    [upload_content_length] => 0
    [starttransfer_time] => 0.999882
    [redirect_time] => 0
    [redirect_url] => 
    [primary_ip] => 35.193.186.65
    [certinfo] => Array
        (
        )

    [primary_port] => 443
    [local_ip] => 192.168.0.180
    [local_port] => 55524
    [http_version] => 3
    [protocol] => 2
    [ssl_verifyresult] => 0
    [scheme] => HTTPS
    [appconnect_time_us] => 371288
    [connect_time_us] => 198241
    [namelookup_time_us] => 32403
    [pretransfer_time_us] => 371374
    [redirect_time_us] => 0
    [starttransfer_time_us] => 999882
    [total_time_us] => 1000088
    [effective_method] => GET
)

Response: {"id":50,"created_at":1741733609000,"name":"Animal50","species":"Cat","breed":"Siamese","age":"8 years","adoption_status":"Available","arrival_date":"2022-10-31","description":"A lovely cat of breed Siamese.","medical_conditions":"Epilepsy","photo":"https://media.istockphoto.com/id/485288986/pl/wektor/przyk%C5%82adowe-zdj%C4%99cie-kot-tajski.jpg?s=1024x1024\u0026w=is\u0026k=20\u0026c=8Ac2RUKvw4TrrS1ps0jSneMIQxHpcj6T3fcp4vM_TeY=","video":"https://c.tenor.com/9LRdFvyeEZAAAAAC/tenor.gif","weight":41.19,"vaccinations":"Rabies, Distemper","special_needs":"Deaf","behavioral_notes":"Calm"}

URL: https://x8ki-letl-twmt.n7.xano.io/api:Aq4gqggC/animal/50
Response Code: 200
Error: 
Info: Array
(
    [url] => https://x8ki-letl-twmt.n7.xano.io/api:Aq4gqggC/animal/50
    [content_type] => application/json; charset=UTF-8
    [http_code] => 200
    [header_size] => 824
    [request_size] => 536
    [filetime] => -1
    [ssl_verify_result] => 0
    [redirect_count] => 0
    [total_time] => 0.593484
    [namelookup_time] => 0.033354
    [connect_time] => 0.200125
    [pretransfer_time] => 0.377616
    [size_upload] => 0
    [size_download] => 589
    [speed_download] => 992
    [speed_upload] => 0
    [download_content_length] => -1
    [upload_content_length] => 0
    [starttransfer_time] => 0.593264
    [redirect_time] => 0
    [redirect_url] => 
    [primary_ip] => 35.193.186.65
    [certinfo] => Array
        (
        )

    [primary_port] => 443
    [local_ip] => 192.168.0.180
    [local_port] => 55684
    [http_version] => 3
    [protocol] => 2
    [ssl_verifyresult] => 0
    [scheme] => HTTPS
    [appconnect_time_us] => 377531
    [connect_time_us] => 200125
    [namelookup_time_us] => 33354
    [pretransfer_time_us] => 377616
    [redirect_time_us] => 0
    [starttransfer_time_us] => 593264
    [total_time_us] => 593484
    [effective_method] => GET
)

Response: {"id":50,"created_at":1741733609000,"name":"Animal50","species":"Cat","breed":"Siamese","age":"8 years","adoption_status":"Available","arrival_date":"2022-10-31","description":"A lovely cat of breed Siamese.","medical_conditions":"Epilepsy","photo":"https://media.istockphoto.com/id/485288986/pl/wektor/przyk%C5%82adowe-zdj%C4%99cie-kot-tajski.jpg?s=1024x1024\u0026w=is\u0026k=20\u0026c=8Ac2RUKvw4TrrS1ps0jSneMIQxHpcj6T3fcp4vM_TeY=","video":"https://c.tenor.com/9LRdFvyeEZAAAAAC/tenor.gif","weight":41.19,"vaccinations":"Rabies, Distemper","special_needs":"Deaf","behavioral_notes":"Calm"}

URL: https://x8ki-letl-twmt.n7.xano.io/api:Aq4gqggC/animal/49
Response Code: 200
Error: 
Info: Array
(
    [url] => https://x8ki-letl-twmt.n7.xano.io/api:Aq4gqggC/animal/49
    [content_type] => application/json; charset=UTF-8
    [http_code] => 200
    [header_size] => 824
    [request_size] => 536
    [filetime] => -1
    [ssl_verify_result] => 0
    [redirect_count] => 0
    [total_time] => 0.555851
    [namelookup_time] => 0.000887
    [connect_time] => 0.173525
    [pretransfer_time] => 0.34531
    [size_upload] => 0
    [size_download] => 584
    [speed_download] => 1050
    [speed_upload] => 0
    [download_content_length] => -1
    [upload_content_length] => 0
    [starttransfer_time] => 0.555779
    [redirect_time] => 0
    [redirect_url] => 
    [primary_ip] => 35.193.186.65
    [certinfo] => Array
        (
        )

    [primary_port] => 443
    [local_ip] => 192.168.0.180
    [local_port] => 55717
    [http_version] => 3
    [protocol] => 2
    [ssl_verifyresult] => 0
    [scheme] => HTTPS
    [appconnect_time_us] => 345211
    [connect_time_us] => 173525
    [namelookup_time_us] => 887
    [pretransfer_time_us] => 345310
    [redirect_time_us] => 0
    [starttransfer_time_us] => 555779
    [total_time_us] => 555851
    [effective_method] => GET
)

Response: {"id":49,"created_at":1741733609000,"name":"Animal49","species":"Cat","breed":"Sphynx","age":"9 years","adoption_status":"Pending","arrival_date":"2024-08-25","description":"A lovely cat of breed Sphynx.","medical_conditions":"Arthritis","photo":"https://media.istockphoto.com/id/485288986/pl/wektor/przyk%C5%82adowe-zdj%C4%99cie-kot-tajski.jpg?s=1024x1024\u0026w=is\u0026k=20\u0026c=8Ac2RUKvw4TrrS1ps0jSneMIQxHpcj6T3fcp4vM_TeY=","video":"https://c.tenor.com/9LRdFvyeEZAAAAAC/tenor.gif","weight":26.96,"vaccinations":"Feline Leukemia","special_needs":"None","behavioral_notes":"Calm"}

URL: https://x8ki-letl-twmt.n7.xano.io/api:Aq4gqggC/animal/50
Response Code: 200
Error: 
Info: Array
(
    [url] => https://x8ki-letl-twmt.n7.xano.io/api:Aq4gqggC/animal/50
    [content_type] => application/json; charset=UTF-8
    [http_code] => 200
    [header_size] => 824
    [request_size] => 536
    [filetime] => -1
    [ssl_verify_result] => 0
    [redirect_count] => 0
    [total_time] => 0.609039
    [namelookup_time] => 0.016719
    [connect_time] => 0.187162
    [pretransfer_time] => 0.363904
    [size_upload] => 0
    [size_download] => 589
    [speed_download] => 967
    [speed_upload] => 0
    [download_content_length] => -1
    [upload_content_length] => 0
    [starttransfer_time] => 0.608677
    [redirect_time] => 0
    [redirect_url] => 
    [primary_ip] => 35.193.186.65
    [certinfo] => Array
        (
        )

    [primary_port] => 443
    [local_ip] => 192.168.0.180
    [local_port] => 55746
    [http_version] => 3
    [protocol] => 2
    [ssl_verifyresult] => 0
    [scheme] => HTTPS
    [appconnect_time_us] => 363793
    [connect_time_us] => 187162
    [namelookup_time_us] => 16719
    [pretransfer_time_us] => 363904
    [redirect_time_us] => 0
    [starttransfer_time_us] => 608677
    [total_time_us] => 609039
    [effective_method] => GET
)

Response: {"id":50,"created_at":1741733609000,"name":"Animal50","species":"Cat","breed":"Siamese","age":"8 years","adoption_status":"Available","arrival_date":"2022-10-31","description":"A lovely cat of breed Siamese.","medical_conditions":"Epilepsy","photo":"https://media.istockphoto.com/id/485288986/pl/wektor/przyk%C5%82adowe-zdj%C4%99cie-kot-tajski.jpg?s=1024x1024\u0026w=is\u0026k=20\u0026c=8Ac2RUKvw4TrrS1ps0jSneMIQxHpcj6T3fcp4vM_TeY=","video":"https://c.tenor.com/9LRdFvyeEZAAAAAC/tenor.gif","weight":41.19,"vaccinations":"Rabies, Distemper","special_needs":"Deaf","behavioral_notes":"Calm"}

URL: https://x8ki-letl-twmt.n7.xano.io/api:Aq4gqggC/animal/50
Response Code: 200
Error: 
Info: Array
(
    [url] => https://x8ki-letl-twmt.n7.xano.io/api:Aq4gqggC/animal/50
    [content_type] => application/json; charset=UTF-8
    [http_code] => 200
    [header_size] => 824
    [request_size] => 536
    [filetime] => -1
    [ssl_verify_result] => 0
    [redirect_count] => 0
    [total_time] => 0.600377
    [namelookup_time] => 0.012427
    [connect_time] => 0.199457
    [pretransfer_time] => 0.377028
    [size_upload] => 0
    [size_download] => 589
    [speed_download] => 981
    [speed_upload] => 0
    [download_content_length] => -1
    [upload_content_length] => 0
    [starttransfer_time] => 0.600077
    [redirect_time] => 0
    [redirect_url] => 
    [primary_ip] => 35.193.186.65
    [certinfo] => Array
        (
        )

    [primary_port] => 443
    [local_ip] => 192.168.0.180
    [local_port] => 55929
    [http_version] => 3
    [protocol] => 2
    [ssl_verifyresult] => 0
    [scheme] => HTTPS
    [appconnect_time_us] => 376931
    [connect_time_us] => 199457
    [namelookup_time_us] => 12427
    [pretransfer_time_us] => 377028
    [redirect_time_us] => 0
    [starttransfer_time_us] => 600077
    [total_time_us] => 600377
    [effective_method] => GET
)

Response: {"id":50,"created_at":1741733609000,"name":"Animal50","species":"Cat","breed":"Siamese","age":"8 years","adoption_status":"Available","arrival_date":"2022-10-31","description":"A lovely cat of breed Siamese.","medical_conditions":"Epilepsy","photo":"https://media.istockphoto.com/id/485288986/pl/wektor/przyk%C5%82adowe-zdj%C4%99cie-kot-tajski.jpg?s=1024x1024\u0026w=is\u0026k=20\u0026c=8Ac2RUKvw4TrrS1ps0jSneMIQxHpcj6T3fcp4vM_TeY=","video":"https://c.tenor.com/9LRdFvyeEZAAAAAC/tenor.gif","weight":41.19,"vaccinations":"Rabies, Distemper","special_needs":"Deaf","behavioral_notes":"Calm"}

URL: https://x8ki-letl-twmt.n7.xano.io/api:Aq4gqggC/animal/52
Response Code: 200
Error: 
Info: Array
(
    [url] => https://x8ki-letl-twmt.n7.xano.io/api:Aq4gqggC/animal/52
    [content_type] => application/json; charset=UTF-8
    [http_code] => 200
    [header_size] => 824
    [request_size] => 536
    [filetime] => -1
    [ssl_verify_result] => 0
    [redirect_count] => 0
    [total_time] => 0.585662
    [namelookup_time] => 0.015717
    [connect_time] => 0.184801
    [pretransfer_time] => 0.357985
    [size_upload] => 0
    [size_download] => 583
    [speed_download] => 995
    [speed_upload] => 0
    [download_content_length] => -1
    [upload_content_length] => 0
    [starttransfer_time] => 0.585209
    [redirect_time] => 0
    [redirect_url] => 
    [primary_ip] => 35.193.186.65
    [certinfo] => Array
        (
        )

    [primary_port] => 443
    [local_ip] => 192.168.0.180
    [local_port] => 56353
    [http_version] => 3
    [protocol] => 2
    [ssl_verifyresult] => 0
    [scheme] => HTTPS
    [appconnect_time_us] => 357883
    [connect_time_us] => 184801
    [namelookup_time_us] => 15717
    [pretransfer_time_us] => 357985
    [redirect_time_us] => 0
    [starttransfer_time_us] => 585209
    [total_time_us] => 585662
    [effective_method] => GET
)

Response: {"id":52,"created_at":1741738915348,"name":"Kotek 2","species":"Pies","breed":"Pitbull","age":"3","adoption_status":"Dostępny","arrival_date":"2025-03-04","description":"Spokojny, przytulaśny","medical_conditions":"Zdrowy","photo":"https://media.istockphoto.com/id/485288986/pl/wektor/przyk%C5%82adowe-zdj%C4%99cie-kot-tajski.jpg?s=1024x1024\u0026w=is\u0026k=20\u0026c=8Ac2RUKvw4TrrS1ps0jSneMIQxHpcj6T3fcp4vM_TeY=","video":"https://media1.tenor.com/m/9LRdFvyeEZAAAAAC/cat-cat-wink.gif","weight":22,"vaccinations":"Wszystkie","special_needs":"Miłośc","behavioral_notes":"Kochany"}

URL: https://x8ki-letl-twmt.n7.xano.io/api:Aq4gqggC/animal/52
Response Code: 200
Error: 
Info: Array
(
    [url] => https://x8ki-letl-twmt.n7.xano.io/api:Aq4gqggC/animal/52
    [content_type] => application/json; charset=UTF-8
    [http_code] => 200
    [header_size] => 824
    [request_size] => 536
    [filetime] => -1
    [ssl_verify_result] => 0
    [redirect_count] => 0
    [total_time] => 0.592068
    [namelookup_time] => 0.016164
    [connect_time] => 0.197751
    [pretransfer_time] => 0.373254
    [size_upload] => 0
    [size_download] => 583
    [speed_download] => 984
    [speed_upload] => 0
    [download_content_length] => -1
    [upload_content_length] => 0
    [starttransfer_time] => 0.591359
    [redirect_time] => 0
    [redirect_url] => 
    [primary_ip] => 35.193.186.65
    [certinfo] => Array
        (
        )

    [primary_port] => 443
    [local_ip] => 192.168.0.180
    [local_port] => 56361
    [http_version] => 3
    [protocol] => 2
    [ssl_verifyresult] => 0
    [scheme] => HTTPS
    [appconnect_time_us] => 373118
    [connect_time_us] => 197751
    [namelookup_time_us] => 16164
    [pretransfer_time_us] => 373254
    [redirect_time_us] => 0
    [starttransfer_time_us] => 591359
    [total_time_us] => 592068
    [effective_method] => GET
)

Response: {"id":52,"created_at":1741738915348,"name":"Kotek 2","species":"Pies","breed":"Pitbull","age":"3","adoption_status":"Dostępny","arrival_date":"2025-03-04","description":"Spokojny, przytulaśny","medical_conditions":"Zdrowy","photo":"https://media.istockphoto.com/id/485288986/pl/wektor/przyk%C5%82adowe-zdj%C4%99cie-kot-tajski.jpg?s=1024x1024\u0026w=is\u0026k=20\u0026c=8Ac2RUKvw4TrrS1ps0jSneMIQxHpcj6T3fcp4vM_TeY=","video":"https://media1.tenor.com/m/9LRdFvyeEZAAAAAC/cat-cat-wink.gif","weight":22,"vaccinations":"Wszystkie","special_needs":"Miłośc","behavioral_notes":"Kochany"}

URL: https://x8ki-letl-twmt.n7.xano.io/api:Aq4gqggC/animal/50
Response Code: 200
Error: 
Info: Array
(
    [url] => https://x8ki-letl-twmt.n7.xano.io/api:Aq4gqggC/animal/50
    [content_type] => application/json; charset=UTF-8
    [http_code] => 200
    [header_size] => 824
    [request_size] => 536
    [filetime] => -1
    [ssl_verify_result] => 0
    [redirect_count] => 0
    [total_time] => 0.585746
    [namelookup_time] => 0.013115
    [connect_time] => 0.198387
    [pretransfer_time] => 0.375948
    [size_upload] => 0
    [size_download] => 589
    [speed_download] => 1005
    [speed_upload] => 0
    [download_content_length] => -1
    [upload_content_length] => 0
    [starttransfer_time] => 0.585404
    [redirect_time] => 0
    [redirect_url] => 
    [primary_ip] => 35.193.186.65
    [certinfo] => Array
        (
        )

    [primary_port] => 443
    [local_ip] => 192.168.0.180
    [local_port] => 56539
    [http_version] => 3
    [protocol] => 2
    [ssl_verifyresult] => 0
    [scheme] => HTTPS
    [appconnect_time_us] => 375850
    [connect_time_us] => 198387
    [namelookup_time_us] => 13115
    [pretransfer_time_us] => 375948
    [redirect_time_us] => 0
    [starttransfer_time_us] => 585404
    [total_time_us] => 585746
    [effective_method] => GET
)

Response: {"id":50,"created_at":1741733609000,"name":"Animal50","species":"Cat","breed":"Siamese","age":"8 years","adoption_status":"Available","arrival_date":"2022-10-31","description":"A lovely cat of breed Siamese.","medical_conditions":"Epilepsy","photo":"https://media.istockphoto.com/id/485288986/pl/wektor/przyk%C5%82adowe-zdj%C4%99cie-kot-tajski.jpg?s=1024x1024\u0026w=is\u0026k=20\u0026c=8Ac2RUKvw4TrrS1ps0jSneMIQxHpcj6T3fcp4vM_TeY=","video":"https://c.tenor.com/9LRdFvyeEZAAAAAC/tenor.gif","weight":41.19,"vaccinations":"Rabies, Distemper","special_needs":"Deaf","behavioral_notes":"Calm"}

URL: https://x8ki-letl-twmt.n7.xano.io/api:Aq4gqggC/animal/52
Response Code: 200
Error: 
Info: Array
(
    [url] => https://x8ki-letl-twmt.n7.xano.io/api:Aq4gqggC/animal/52
    [content_type] => application/json; charset=UTF-8
    [http_code] => 200
    [header_size] => 824
    [request_size] => 536
    [filetime] => -1
    [ssl_verify_result] => 0
    [redirect_count] => 0
    [total_time] => 0.556021
    [namelookup_time] => 0.000999
    [connect_time] => 0.168564
    [pretransfer_time] => 0.342907
    [size_upload] => 0
    [size_download] => 583
    [speed_download] => 1048
    [speed_upload] => 0
    [download_content_length] => -1
    [upload_content_length] => 0
    [starttransfer_time] => 0.555986
    [redirect_time] => 0
    [redirect_url] => 
    [primary_ip] => 35.193.186.65
    [certinfo] => Array
        (
        )

    [primary_port] => 443
    [local_ip] => 192.168.0.180
    [local_port] => 56850
    [http_version] => 3
    [protocol] => 2
    [ssl_verifyresult] => 0
    [scheme] => HTTPS
    [appconnect_time_us] => 342794
    [connect_time_us] => 168564
    [namelookup_time_us] => 999
    [pretransfer_time_us] => 342907
    [redirect_time_us] => 0
    [starttransfer_time_us] => 555986
    [total_time_us] => 556021
    [effective_method] => GET
)

Response: {"id":52,"created_at":1741738915348,"name":"Kotek 2","species":"Pies","breed":"Pitbull","age":"3","adoption_status":"Dostępny","arrival_date":"2025-03-04","description":"Spokojny, przytulaśny","medical_conditions":"Zdrowy","photo":"https://media.istockphoto.com/id/485288986/pl/wektor/przyk%C5%82adowe-zdj%C4%99cie-kot-tajski.jpg?s=1024x1024\u0026w=is\u0026k=20\u0026c=8Ac2RUKvw4TrrS1ps0jSneMIQxHpcj6T3fcp4vM_TeY=","video":"https://media1.tenor.com/m/9LRdFvyeEZAAAAAC/cat-cat-wink.gif","weight":22,"vaccinations":"Wszystkie","special_needs":"Miłośc","behavioral_notes":"Kochany"}

URL: https://x8ki-letl-twmt.n7.xano.io/api:Aq4gqggC/animal/52
Response Code: 200
Error: 
Info: Array
(
    [url] => https://x8ki-letl-twmt.n7.xano.io/api:Aq4gqggC/animal/52
    [content_type] => application/json; charset=UTF-8
    [http_code] => 200
    [header_size] => 824
    [request_size] => 536
    [filetime] => -1
    [ssl_verify_result] => 0
    [redirect_count] => 0
    [total_time] => 0.572473
    [namelookup_time] => 0.012813
    [connect_time] => 0.181831
    [pretransfer_time] => 0.357252
    [size_upload] => 0
    [size_download] => 583
    [speed_download] => 1018
    [speed_upload] => 0
    [download_content_length] => -1
    [upload_content_length] => 0
    [starttransfer_time] => 0.572412
    [redirect_time] => 0
    [redirect_url] => 
    [primary_ip] => 35.193.186.65
    [certinfo] => Array
        (
        )

    [primary_port] => 443
    [local_ip] => 192.168.0.180
    [local_port] => 56865
    [http_version] => 3
    [protocol] => 2
    [ssl_verifyresult] => 0
    [scheme] => HTTPS
    [appconnect_time_us] => 357114
    [connect_time_us] => 181831
    [namelookup_time_us] => 12813
    [pretransfer_time_us] => 357252
    [redirect_time_us] => 0
    [starttransfer_time_us] => 572412
    [total_time_us] => 572473
    [effective_method] => GET
)

Response: {"id":52,"created_at":1741738915348,"name":"Kotek 2","species":"Pies","breed":"Pitbull","age":"3","adoption_status":"Dostępny","arrival_date":"2025-03-04","description":"Spokojny, przytulaśny","medical_conditions":"Zdrowy","photo":"https://media.istockphoto.com/id/485288986/pl/wektor/przyk%C5%82adowe-zdj%C4%99cie-kot-tajski.jpg?s=1024x1024\u0026w=is\u0026k=20\u0026c=8Ac2RUKvw4TrrS1ps0jSneMIQxHpcj6T3fcp4vM_TeY=","video":"https://media1.tenor.com/m/9LRdFvyeEZAAAAAC/cat-cat-wink.gif","weight":22,"vaccinations":"Wszystkie","special_needs":"Miłośc","behavioral_notes":"Kochany"}

URL: https://x8ki-letl-twmt.n7.xano.io/api:Aq4gqggC/animal/52
Response Code: 200
Error: 
Info: Array
(
    [url] => https://x8ki-letl-twmt.n7.xano.io/api:Aq4gqggC/animal/52
    [content_type] => application/json; charset=UTF-8
    [http_code] => 200
    [header_size] => 824
    [request_size] => 536
    [filetime] => -1
    [ssl_verify_result] => 0
    [redirect_count] => 0
    [total_time] => 0.596783
    [namelookup_time] => 0.003351
    [connect_time] => 0.172327
    [pretransfer_time] => 0.346315
    [size_upload] => 0
    [size_download] => 583
    [speed_download] => 976
    [speed_upload] => 0
    [download_content_length] => -1
    [upload_content_length] => 0
    [starttransfer_time] => 0.596193
    [redirect_time] => 0
    [redirect_url] => 
    [primary_ip] => 35.193.186.65
    [certinfo] => Array
        (
        )

    [primary_port] => 443
    [local_ip] => 192.168.0.180
    [local_port] => 56872
    [http_version] => 3
    [protocol] => 2
    [ssl_verifyresult] => 0
    [scheme] => HTTPS
    [appconnect_time_us] => 346227
    [connect_time_us] => 172327
    [namelookup_time_us] => 3351
    [pretransfer_time_us] => 346315
    [redirect_time_us] => 0
    [starttransfer_time_us] => 596193
    [total_time_us] => 596783
    [effective_method] => GET
)

Response: {"id":52,"created_at":1741738915348,"name":"Kotek 2","species":"Pies","breed":"Pitbull","age":"3","adoption_status":"Dostępny","arrival_date":"2025-03-04","description":"Spokojny, przytulaśny","medical_conditions":"Zdrowy","photo":"https://media.istockphoto.com/id/485288986/pl/wektor/przyk%C5%82adowe-zdj%C4%99cie-kot-tajski.jpg?s=1024x1024\u0026w=is\u0026k=20\u0026c=8Ac2RUKvw4TrrS1ps0jSneMIQxHpcj6T3fcp4vM_TeY=","video":"https://media1.tenor.com/m/9LRdFvyeEZAAAAAC/cat-cat-wink.gif","weight":22,"vaccinations":"Wszystkie","special_needs":"Miłośc","behavioral_notes":"Kochany"}

URL: https://x8ki-letl-twmt.n7.xano.io/api:Aq4gqggC/animal/52
Response Code: 200
Error: 
Info: Array
(
    [url] => https://x8ki-letl-twmt.n7.xano.io/api:Aq4gqggC/animal/52
    [content_type] => application/json; charset=UTF-8
    [http_code] => 200
    [header_size] => 824
    [request_size] => 536
    [filetime] => -1
    [ssl_verify_result] => 0
    [redirect_count] => 0
    [total_time] => 0.582247
    [namelookup_time] => 0.034441
    [connect_time] => 0.204515
    [pretransfer_time] => 0.379001
    [size_upload] => 0
    [size_download] => 583
    [speed_download] => 1001
    [speed_upload] => 0
    [download_content_length] => -1
    [upload_content_length] => 0
    [starttransfer_time] => 0.581816
    [redirect_time] => 0
    [redirect_url] => 
    [primary_ip] => 35.193.186.65
    [certinfo] => Array
        (
        )

    [primary_port] => 443
    [local_ip] => 192.168.0.180
    [local_port] => 56896
    [http_version] => 3
    [protocol] => 2
    [ssl_verifyresult] => 0
    [scheme] => HTTPS
    [appconnect_time_us] => 378884
    [connect_time_us] => 204515
    [namelookup_time_us] => 34441
    [pretransfer_time_us] => 379001
    [redirect_time_us] => 0
    [starttransfer_time_us] => 581816
    [total_time_us] => 582247
    [effective_method] => GET
)

Response: {"id":52,"created_at":1741738915348,"name":"Kotek 2","species":"Pies","breed":"Pitbull","age":"3","adoption_status":"Dostępny","arrival_date":"2025-03-04","description":"Spokojny, przytulaśny","medical_conditions":"Zdrowy","photo":"https://media.istockphoto.com/id/485288986/pl/wektor/przyk%C5%82adowe-zdj%C4%99cie-kot-tajski.jpg?s=1024x1024\u0026w=is\u0026k=20\u0026c=8Ac2RUKvw4TrrS1ps0jSneMIQxHpcj6T3fcp4vM_TeY=","video":"https://media1.tenor.com/m/9LRdFvyeEZAAAAAC/cat-cat-wink.gif","weight":22,"vaccinations":"Wszystkie","special_needs":"Miłośc","behavioral_notes":"Kochany"}

URL: https://x8ki-letl-twmt.n7.xano.io/api:Aq4gqggC/animal/52
Response Code: 200
Error: 
Info: Array
(
    [url] => https://x8ki-letl-twmt.n7.xano.io/api:Aq4gqggC/animal/52
    [content_type] => application/json; charset=UTF-8
    [http_code] => 200
    [header_size] => 824
    [request_size] => 536
    [filetime] => -1
    [ssl_verify_result] => 0
    [redirect_count] => 0
    [total_time] => 0.556515
    [namelookup_time] => 0.00179
    [connect_time] => 0.172721
    [pretransfer_time] => 0.34983
    [size_upload] => 0
    [size_download] => 593
    [speed_download] => 1065
    [speed_upload] => 0
    [download_content_length] => -1
    [upload_content_length] => 0
    [starttransfer_time] => 0.55628
    [redirect_time] => 0
    [redirect_url] => 
    [primary_ip] => 35.193.186.65
    [certinfo] => Array
        (
        )

    [primary_port] => 443
    [local_ip] => 192.168.0.180
    [local_port] => 56903
    [http_version] => 3
    [protocol] => 2
    [ssl_verifyresult] => 0
    [scheme] => HTTPS
    [appconnect_time_us] => 349616
    [connect_time_us] => 172721
    [namelookup_time_us] => 1790
    [pretransfer_time_us] => 349830
    [redirect_time_us] => 0
    [starttransfer_time_us] => 556280
    [total_time_us] => 556515
    [effective_method] => GET
)

Response: {"id":52,"created_at":1741738915348,"name":"Kotek 2","species":"Pies","breed":"Pitbull","age":"3","adoption_status":"Dostępny","arrival_date":"2025-03-04","description":"Spokojny, przytulaśny","medical_conditions":"Zdrowy","photo":"https://media.istockphoto.com/id/485288986/pl/wektor/przyk%C5%82adowe-zdj%C4%99cie-kot-tajski.jpg?s=1024x1024\u0026w=is\u0026k=20\u0026c=8Ac2RUKvw4TrrS1ps0jSneMIQxHpcj6T3fcp4vM_TeY=","video":"https://media1.tenor.com/m/9LRdFvyeEZAAAAAC/cat-cat-wink.gif","weight":22,"vaccinations":"Wszystkie","special_needs":"Miłośc, kochanko","behavioral_notes":"Kochany"}

URL: https://x8ki-letl-twmt.n7.xano.io/api:Aq4gqggC/animal/52
Response Code: 200
Error: 
Info: Array
(
    [url] => https://x8ki-letl-twmt.n7.xano.io/api:Aq4gqggC/animal/52
    [content_type] => application/json; charset=UTF-8
    [http_code] => 200
    [header_size] => 824
    [request_size] => 536
    [filetime] => -1
    [ssl_verify_result] => 0
    [redirect_count] => 0
    [total_time] => 0.547148
    [namelookup_time] => 0.000853
    [connect_time] => 0.17187
    [pretransfer_time] => 0.345369
    [size_upload] => 0
    [size_download] => 593
    [speed_download] => 1083
    [speed_upload] => 0
    [download_content_length] => -1
    [upload_content_length] => 0
    [starttransfer_time] => 0.546983
    [redirect_time] => 0
    [redirect_url] => 
    [primary_ip] => 35.193.186.65
    [certinfo] => Array
        (
        )

    [primary_port] => 443
    [local_ip] => 192.168.0.180
    [local_port] => 56909
    [http_version] => 3
    [protocol] => 2
    [ssl_verifyresult] => 0
    [scheme] => HTTPS
    [appconnect_time_us] => 345281
    [connect_time_us] => 171870
    [namelookup_time_us] => 853
    [pretransfer_time_us] => 345369
    [redirect_time_us] => 0
    [starttransfer_time_us] => 546983
    [total_time_us] => 547148
    [effective_method] => GET
)

Response: {"id":52,"created_at":1741738915348,"name":"Kotek 2","species":"Pies","breed":"Pitbull","age":"3","adoption_status":"Dostępny","arrival_date":"2025-03-04","description":"Spokojny, przytulaśny","medical_conditions":"Zdrowy","photo":"https://media.istockphoto.com/id/485288986/pl/wektor/przyk%C5%82adowe-zdj%C4%99cie-kot-tajski.jpg?s=1024x1024\u0026w=is\u0026k=20\u0026c=8Ac2RUKvw4TrrS1ps0jSneMIQxHpcj6T3fcp4vM_TeY=","video":"https://media1.tenor.com/m/9LRdFvyeEZAAAAAC/cat-cat-wink.gif","weight":22,"vaccinations":"Wszystkie","special_needs":"Miłośc, kochanko","behavioral_notes":"Kochany"}

URL: https://x8ki-letl-twmt.n7.xano.io/api:Aq4gqggC/animal/52
Response Code: 200
Error: 
Info: Array
(
    [url] => https://x8ki-letl-twmt.n7.xano.io/api:Aq4gqggC/animal/52
    [content_type] => application/json; charset=UTF-8
    [http_code] => 200
    [header_size] => 824
    [request_size] => 536
    [filetime] => -1
    [ssl_verify_result] => 0
    [redirect_count] => 0
    [total_time] => 0.59572
    [namelookup_time] => 0.037362
    [connect_time] => 0.206552
    [pretransfer_time] => 0.383721
    [size_upload] => 0
    [size_download] => 593
    [speed_download] => 995
    [speed_upload] => 0
    [download_content_length] => -1
    [upload_content_length] => 0
    [starttransfer_time] => 0.594939
    [redirect_time] => 0
    [redirect_url] => 
    [primary_ip] => 35.193.186.65
    [certinfo] => Array
        (
        )

    [primary_port] => 443
    [local_ip] => 192.168.0.180
    [local_port] => 56916
    [http_version] => 3
    [protocol] => 2
    [ssl_verifyresult] => 0
    [scheme] => HTTPS
    [appconnect_time_us] => 383624
    [connect_time_us] => 206552
    [namelookup_time_us] => 37362
    [pretransfer_time_us] => 383721
    [redirect_time_us] => 0
    [starttransfer_time_us] => 594939
    [total_time_us] => 595720
    [effective_method] => GET
)

Response: {"id":52,"created_at":1741738915348,"name":"Kotek 2","species":"Pies","breed":"Pitbull","age":"3","adoption_status":"Dostępny","arrival_date":"2025-03-04","description":"Spokojny, przytulaśny","medical_conditions":"Zdrowy","photo":"https://media.istockphoto.com/id/485288986/pl/wektor/przyk%C5%82adowe-zdj%C4%99cie-kot-tajski.jpg?s=1024x1024\u0026w=is\u0026k=20\u0026c=8Ac2RUKvw4TrrS1ps0jSneMIQxHpcj6T3fcp4vM_TeY=","video":"https://media1.tenor.com/m/9LRdFvyeEZAAAAAC/cat-cat-wink.gif","weight":22,"vaccinations":"Wszystkie","special_needs":"Miłośc, kochanko","behavioral_notes":"Kochany"}

URL: https://x8ki-letl-twmt.n7.xano.io/api:Aq4gqggC/animal/52
Response Code: 200
Error: 
Info: Array
(
    [url] => https://x8ki-letl-twmt.n7.xano.io/api:Aq4gqggC/animal/52
    [content_type] => application/json; charset=UTF-8
    [http_code] => 200
    [header_size] => 824
    [request_size] => 536
    [filetime] => -1
    [ssl_verify_result] => 0
    [redirect_count] => 0
    [total_time] => 0.580492
    [namelookup_time] => 0.022051
    [connect_time] => 0.194801
    [pretransfer_time] => 0.372645
    [size_upload] => 0
    [size_download] => 593
    [speed_download] => 1021
    [speed_upload] => 0
    [download_content_length] => -1
    [upload_content_length] => 0
    [starttransfer_time] => 0.580442
    [redirect_time] => 0
    [redirect_url] => 
    [primary_ip] => 35.193.186.65
    [certinfo] => Array
        (
        )

    [primary_port] => 443
    [local_ip] => 192.168.0.180
    [local_port] => 56970
    [http_version] => 3
    [protocol] => 2
    [ssl_verifyresult] => 0
    [scheme] => HTTPS
    [appconnect_time_us] => 372546
    [connect_time_us] => 194801
    [namelookup_time_us] => 22051
    [pretransfer_time_us] => 372645
    [redirect_time_us] => 0
    [starttransfer_time_us] => 580442
    [total_time_us] => 580492
    [effective_method] => GET
)

Response: {"id":52,"created_at":1741738915348,"name":"Kotek 2","species":"Pies","breed":"Pitbull","age":"3","adoption_status":"Dostępny","arrival_date":"2025-03-04","description":"Spokojny, przytulaśny","medical_conditions":"Zdrowy","photo":"https://media.istockphoto.com/id/485288986/pl/wektor/przyk%C5%82adowe-zdj%C4%99cie-kot-tajski.jpg?s=1024x1024\u0026w=is\u0026k=20\u0026c=8Ac2RUKvw4TrrS1ps0jSneMIQxHpcj6T3fcp4vM_TeY=","video":"https://media1.tenor.com/m/9LRdFvyeEZAAAAAC/cat-cat-wink.gif","weight":22,"vaccinations":"Wszystkie","special_needs":"Miłośc, kochanko","behavioral_notes":"Kochany"}

URL: https://x8ki-letl-twmt.n7.xano.io/api:Aq4gqggC/animal/52
Response Code: 200
Error: 
Info: Array
(
    [url] => https://x8ki-letl-twmt.n7.xano.io/api:Aq4gqggC/animal/52
    [content_type] => application/json; charset=UTF-8
    [http_code] => 200
    [header_size] => 824
    [request_size] => 536
    [filetime] => -1
    [ssl_verify_result] => 0
    [redirect_count] => 0
    [total_time] => 0.565056
    [namelookup_time] => 0.001063
    [connect_time] => 0.171764
    [pretransfer_time] => 0.349011
    [size_upload] => 0
    [size_download] => 579
    [speed_download] => 1024
    [speed_upload] => 0
    [download_content_length] => -1
    [upload_content_length] => 0
    [starttransfer_time] => 0.565021
    [redirect_time] => 0
    [redirect_url] => 
    [primary_ip] => 35.193.186.65
    [certinfo] => Array
        (
        )

    [primary_port] => 443
    [local_ip] => 192.168.0.180
    [local_port] => 56976
    [http_version] => 3
    [protocol] => 2
    [ssl_verifyresult] => 0
    [scheme] => HTTPS
    [appconnect_time_us] => 348930
    [connect_time_us] => 171764
    [namelookup_time_us] => 1063
    [pretransfer_time_us] => 349011
    [redirect_time_us] => 0
    [starttransfer_time_us] => 565021
    [total_time_us] => 565056
    [effective_method] => GET
)

Response: {"id":52,"created_at":1741738915348,"name":"Kotek 2","species":"Pies","breed":"Pitbull","age":"3","adoption_status":"Dostępny","arrival_date":"2025-03-04","description":"Spokojny, przytulaśny","medical_conditions":"Zdrowy","photo":"https://media.istockphoto.com/id/485288986/pl/wektor/przyk%C5%82adowe-zdj%C4%99cie-kot-tajski.jpg?s=1024x1024\u0026w=is\u0026k=20\u0026c=8Ac2RUKvw4TrrS1ps0jSneMIQxHpcj6T3fcp4vM_TeY=","video":"https://c.tenor.com/9LRdFvyeEZAAAAAC/tenor.gif","weight":22,"vaccinations":"Wszystkie","special_needs":"Miłośc, kochanko","behavioral_notes":"Kochany"}

URL: https://x8ki-letl-twmt.n7.xano.io/api:Aq4gqggC/animal/52
Response Code: 200
Error: 
Info: Array
(
    [url] => https://x8ki-letl-twmt.n7.xano.io/api:Aq4gqggC/animal/52
    [content_type] => application/json; charset=UTF-8
    [http_code] => 200
    [header_size] => 824
    [request_size] => 536
    [filetime] => -1
    [ssl_verify_result] => 0
    [redirect_count] => 0
    [total_time] => 0.631883
    [namelookup_time] => 0.013319
    [connect_time] => 0.182444
    [pretransfer_time] => 0.356841
    [size_upload] => 0
    [size_download] => 579
    [speed_download] => 916
    [speed_upload] => 0
    [download_content_length] => -1
    [upload_content_length] => 0
    [starttransfer_time] => 0.631833
    [redirect_time] => 0
    [redirect_url] => 
    [primary_ip] => 35.193.186.65
    [certinfo] => Array
        (
        )

    [primary_port] => 443
    [local_ip] => 192.168.0.180
    [local_port] => 56985
    [http_version] => 3
    [protocol] => 2
    [ssl_verifyresult] => 0
    [scheme] => HTTPS
    [appconnect_time_us] => 356726
    [connect_time_us] => 182444
    [namelookup_time_us] => 13319
    [pretransfer_time_us] => 356841
    [redirect_time_us] => 0
    [starttransfer_time_us] => 631833
    [total_time_us] => 631883
    [effective_method] => GET
)

Response: {"id":52,"created_at":1741738915348,"name":"Kotek 2","species":"Pies","breed":"Pitbull","age":"3","adoption_status":"Dostępny","arrival_date":"2025-03-04","description":"Spokojny, przytulaśny","medical_conditions":"Zdrowy","photo":"https://media.istockphoto.com/id/485288986/pl/wektor/przyk%C5%82adowe-zdj%C4%99cie-kot-tajski.jpg?s=1024x1024\u0026w=is\u0026k=20\u0026c=8Ac2RUKvw4TrrS1ps0jSneMIQxHpcj6T3fcp4vM_TeY=","video":"https://c.tenor.com/9LRdFvyeEZAAAAAC/tenor.gif","weight":22,"vaccinations":"Wszystkie","special_needs":"Miłośc, kochanko","behavioral_notes":"Kochany"}

URL: https://x8ki-letl-twmt.n7.xano.io/api:Aq4gqggC/animal/52
Response Code: 200
Error: 
Info: Array
(
    [url] => https://x8ki-letl-twmt.n7.xano.io/api:Aq4gqggC/animal/52
    [content_type] => application/json; charset=UTF-8
    [http_code] => 200
    [header_size] => 824
    [request_size] => 536
    [filetime] => -1
    [ssl_verify_result] => 0
    [redirect_count] => 0
    [total_time] => 0.604406
    [namelookup_time] => 0.037097
    [connect_time] => 0.208415
    [pretransfer_time] => 0.386962
    [size_upload] => 0
    [size_download] => 579
    [speed_download] => 957
    [speed_upload] => 0
    [download_content_length] => -1
    [upload_content_length] => 0
    [starttransfer_time] => 0.60435
    [redirect_time] => 0
    [redirect_url] => 
    [primary_ip] => 35.193.186.65
    [certinfo] => Array
        (
        )

    [primary_port] => 443
    [local_ip] => 192.168.0.180
    [local_port] => 57463
    [http_version] => 3
    [protocol] => 2
    [ssl_verifyresult] => 0
    [scheme] => HTTPS
    [appconnect_time_us] => 386766
    [connect_time_us] => 208415
    [namelookup_time_us] => 37097
    [pretransfer_time_us] => 386962
    [redirect_time_us] => 0
    [starttransfer_time_us] => 604350
    [total_time_us] => 604406
    [effective_method] => GET
)

Response: {"id":52,"created_at":1741738915348,"name":"Kotek 2","species":"Pies","breed":"Pitbull","age":"3","adoption_status":"Dostępny","arrival_date":"2025-03-04","description":"Spokojny, przytulaśny","medical_conditions":"Zdrowy","photo":"https://media.istockphoto.com/id/485288986/pl/wektor/przyk%C5%82adowe-zdj%C4%99cie-kot-tajski.jpg?s=1024x1024\u0026w=is\u0026k=20\u0026c=8Ac2RUKvw4TrrS1ps0jSneMIQxHpcj6T3fcp4vM_TeY=","video":"https://c.tenor.com/9LRdFvyeEZAAAAAC/tenor.gif","weight":22,"vaccinations":"Wszystkie","special_needs":"Miłośc, kochanko","behavioral_notes":"Kochany"}

URL: https://x8ki-letl-twmt.n7.xano.io/api:Aq4gqggC/animal/52
Response Code: 200
Error: 
Info: Array
(
    [url] => https://x8ki-letl-twmt.n7.xano.io/api:Aq4gqggC/animal/52
    [content_type] => application/json; charset=UTF-8
    [http_code] => 200
    [header_size] => 824
    [request_size] => 536
    [filetime] => -1
    [ssl_verify_result] => 0
    [redirect_count] => 0
    [total_time] => 0.562447
    [namelookup_time] => 0.000954
    [connect_time] => 0.16826
    [pretransfer_time] => 0.344307
    [size_upload] => 0
    [size_download] => 579
    [speed_download] => 1029
    [speed_upload] => 0
    [download_content_length] => -1
    [upload_content_length] => 0
    [starttransfer_time] => 0.562316
    [redirect_time] => 0
    [redirect_url] => 
    [primary_ip] => 35.193.186.65
    [certinfo] => Array
        (
        )

    [primary_port] => 443
    [local_ip] => 192.168.0.180
    [local_port] => 58051
    [http_version] => 3
    [protocol] => 2
    [ssl_verifyresult] => 0
    [scheme] => HTTPS
    [appconnect_time_us] => 344151
    [connect_time_us] => 168260
    [namelookup_time_us] => 954
    [pretransfer_time_us] => 344307
    [redirect_time_us] => 0
    [starttransfer_time_us] => 562316
    [total_time_us] => 562447
    [effective_method] => GET
)

Response: {"id":52,"created_at":1741738915348,"name":"Kotek 2","species":"Pies","breed":"Pitbull","age":"3","adoption_status":"Dostępny","arrival_date":"2025-03-04","description":"Spokojny, przytulaśny","medical_conditions":"Zdrowy","photo":"https://media.istockphoto.com/id/485288986/pl/wektor/przyk%C5%82adowe-zdj%C4%99cie-kot-tajski.jpg?s=1024x1024\u0026w=is\u0026k=20\u0026c=8Ac2RUKvw4TrrS1ps0jSneMIQxHpcj6T3fcp4vM_TeY=","video":"https://c.tenor.com/9LRdFvyeEZAAAAAC/tenor.gif","weight":22,"vaccinations":"Wszystkie","special_needs":"Miłośc, kochanko","behavioral_notes":"Kochany"}

URL: https://x8ki-letl-twmt.n7.xano.io/api:Aq4gqggC/animal/52
Response Code: 200
Error: 
Info: Array
(
    [url] => https://x8ki-letl-twmt.n7.xano.io/api:Aq4gqggC/animal/52
    [content_type] => application/json; charset=UTF-8
    [http_code] => 200
    [header_size] => 824
    [request_size] => 536
    [filetime] => -1
    [ssl_verify_result] => 0
    [redirect_count] => 0
    [total_time] => 0.566216
    [namelookup_time] => 0.014333
    [connect_time] => 0.185419
    [pretransfer_time] => 0.358364
    [size_upload] => 0
    [size_download] => 579
    [speed_download] => 1022
    [speed_upload] => 0
    [download_content_length] => -1
    [upload_content_length] => 0
    [starttransfer_time] => 0.566144
    [redirect_time] => 0
    [redirect_url] => 
    [primary_ip] => 35.193.186.65
    [certinfo] => Array
        (
        )

    [primary_port] => 443
    [local_ip] => 192.168.0.180
    [local_port] => 58106
    [http_version] => 3
    [protocol] => 2
    [ssl_verifyresult] => 0
    [scheme] => HTTPS
    [appconnect_time_us] => 358270
    [connect_time_us] => 185419
    [namelookup_time_us] => 14333
    [pretransfer_time_us] => 358364
    [redirect_time_us] => 0
    [starttransfer_time_us] => 566144
    [total_time_us] => 566216
    [effective_method] => GET
)

Response: {"id":52,"created_at":1741738915348,"name":"Kotek 2","species":"Pies","breed":"Pitbull","age":"3","adoption_status":"Dostępny","arrival_date":"2025-03-04","description":"Spokojny, przytulaśny","medical_conditions":"Zdrowy","photo":"https://media.istockphoto.com/id/485288986/pl/wektor/przyk%C5%82adowe-zdj%C4%99cie-kot-tajski.jpg?s=1024x1024\u0026w=is\u0026k=20\u0026c=8Ac2RUKvw4TrrS1ps0jSneMIQxHpcj6T3fcp4vM_TeY=","video":"https://c.tenor.com/9LRdFvyeEZAAAAAC/tenor.gif","weight":22,"vaccinations":"Wszystkie","special_needs":"Miłośc, kochanko","behavioral_notes":"Kochany"}

URL: https://x8ki-letl-twmt.n7.xano.io/api:Aq4gqggC/animal/52
Response Code: 200
Error: 
Info: Array
(
    [url] => https://x8ki-letl-twmt.n7.xano.io/api:Aq4gqggC/animal/52
    [content_type] => application/json; charset=UTF-8
    [http_code] => 200
    [header_size] => 824
    [request_size] => 536
    [filetime] => -1
    [ssl_verify_result] => 0
    [redirect_count] => 0
    [total_time] => 0.54805
    [namelookup_time] => 0.001071
    [connect_time] => 0.169432
    [pretransfer_time] => 0.344873
    [size_upload] => 0
    [size_download] => 579
    [speed_download] => 1056
    [speed_upload] => 0
    [download_content_length] => -1
    [upload_content_length] => 0
    [starttransfer_time] => 0.547785
    [redirect_time] => 0
    [redirect_url] => 
    [primary_ip] => 35.193.186.65
    [certinfo] => Array
        (
        )

    [primary_port] => 443
    [local_ip] => 192.168.0.180
    [local_port] => 58113
    [http_version] => 3
    [protocol] => 2
    [ssl_verifyresult] => 0
    [scheme] => HTTPS
    [appconnect_time_us] => 344755
    [connect_time_us] => 169432
    [namelookup_time_us] => 1071
    [pretransfer_time_us] => 344873
    [redirect_time_us] => 0
    [starttransfer_time_us] => 547785
    [total_time_us] => 548050
    [effective_method] => GET
)

Response: {"id":52,"created_at":1741738915348,"name":"Kotek 2","species":"Pies","breed":"Pitbull","age":"3","adoption_status":"Dostępny","arrival_date":"2025-03-04","description":"Spokojny, przytulaśny","medical_conditions":"Zdrowy","photo":"https://media.istockphoto.com/id/485288986/pl/wektor/przyk%C5%82adowe-zdj%C4%99cie-kot-tajski.jpg?s=1024x1024\u0026w=is\u0026k=20\u0026c=8Ac2RUKvw4TrrS1ps0jSneMIQxHpcj6T3fcp4vM_TeY=","video":"https://c.tenor.com/9LRdFvyeEZAAAAAC/tenor.gif","weight":22,"vaccinations":"Wszystkie","special_needs":"Miłośc, kochanko","behavioral_notes":"Kochany"}

URL: https://x8ki-letl-twmt.n7.xano.io/api:Aq4gqggC/animal/52
Response Code: 200
Error: 
Info: Array
(
    [url] => https://x8ki-letl-twmt.n7.xano.io/api:Aq4gqggC/animal/52
    [content_type] => application/json; charset=UTF-8
    [http_code] => 200
    [header_size] => 824
    [request_size] => 536
    [filetime] => -1
    [ssl_verify_result] => 0
    [redirect_count] => 0
    [total_time] => 0.574169
    [namelookup_time] => 0.000967
    [connect_time] => 0.189874
    [pretransfer_time] => 0.367017
    [size_upload] => 0
    [size_download] => 579
    [speed_download] => 1008
    [speed_upload] => 0
    [download_content_length] => -1
    [upload_content_length] => 0
    [starttransfer_time] => 0.573614
    [redirect_time] => 0
    [redirect_url] => 
    [primary_ip] => 35.193.186.65
    [certinfo] => Array
        (
        )

    [primary_port] => 443
    [local_ip] => 192.168.0.180
    [local_port] => 58124
    [http_version] => 3
    [protocol] => 2
    [ssl_verifyresult] => 0
    [scheme] => HTTPS
    [appconnect_time_us] => 366879
    [connect_time_us] => 189874
    [namelookup_time_us] => 967
    [pretransfer_time_us] => 367017
    [redirect_time_us] => 0
    [starttransfer_time_us] => 573614
    [total_time_us] => 574169
    [effective_method] => GET
)

Response: {"id":52,"created_at":1741738915348,"name":"Kotek 2","species":"Pies","breed":"Pitbull","age":"3","adoption_status":"Dostępny","arrival_date":"2025-03-04","description":"Spokojny, przytulaśny","medical_conditions":"Zdrowy","photo":"https://media.istockphoto.com/id/485288986/pl/wektor/przyk%C5%82adowe-zdj%C4%99cie-kot-tajski.jpg?s=1024x1024\u0026w=is\u0026k=20\u0026c=8Ac2RUKvw4TrrS1ps0jSneMIQxHpcj6T3fcp4vM_TeY=","video":"https://c.tenor.com/9LRdFvyeEZAAAAAC/tenor.gif","weight":22,"vaccinations":"Wszystkie","special_needs":"Miłośc, kochanko","behavioral_notes":"Kochany"}

URL: https://x8ki-letl-twmt.n7.xano.io/api:Aq4gqggC/animal/52
Response Code: 200
Error: 
Info: Array
(
    [url] => https://x8ki-letl-twmt.n7.xano.io/api:Aq4gqggC/animal/52
    [content_type] => application/json; charset=UTF-8
    [http_code] => 200
    [header_size] => 824
    [request_size] => 536
    [filetime] => -1
    [ssl_verify_result] => 0
    [redirect_count] => 0
    [total_time] => 0.552871
    [namelookup_time] => 0.000912
    [connect_time] => 0.169315
    [pretransfer_time] => 0.343147
    [size_upload] => 0
    [size_download] => 579
    [speed_download] => 1047
    [speed_upload] => 0
    [download_content_length] => -1
    [upload_content_length] => 0
    [starttransfer_time] => 0.552794
    [redirect_time] => 0
    [redirect_url] => 
    [primary_ip] => 35.193.186.65
    [certinfo] => Array
        (
        )

    [primary_port] => 443
    [local_ip] => 192.168.0.180
    [local_port] => 58220
    [http_version] => 3
    [protocol] => 2
    [ssl_verifyresult] => 0
    [scheme] => HTTPS
    [appconnect_time_us] => 343036
    [connect_time_us] => 169315
    [namelookup_time_us] => 912
    [pretransfer_time_us] => 343147
    [redirect_time_us] => 0
    [starttransfer_time_us] => 552794
    [total_time_us] => 552871
    [effective_method] => GET
)

Response: {"id":52,"created_at":1741738915348,"name":"Kotek 2","species":"Pies","breed":"Pitbull","age":"3","adoption_status":"Dostępny","arrival_date":"2025-03-04","description":"Spokojny, przytulaśny","medical_conditions":"Zdrowy","photo":"https://media.istockphoto.com/id/485288986/pl/wektor/przyk%C5%82adowe-zdj%C4%99cie-kot-tajski.jpg?s=1024x1024\u0026w=is\u0026k=20\u0026c=8Ac2RUKvw4TrrS1ps0jSneMIQxHpcj6T3fcp4vM_TeY=","video":"https://c.tenor.com/9LRdFvyeEZAAAAAC/tenor.gif","weight":22,"vaccinations":"Wszystkie","special_needs":"Miłośc, kochanko","behavioral_notes":"Kochany"}

URL: https://x8ki-letl-twmt.n7.xano.io/api:Aq4gqggC/animal/52
Response Code: 200
Error: 
Info: Array
(
    [url] => https://x8ki-letl-twmt.n7.xano.io/api:Aq4gqggC/animal/52
    [content_type] => application/json; charset=UTF-8
    [http_code] => 200
    [header_size] => 824
    [request_size] => 536
    [filetime] => -1
    [ssl_verify_result] => 0
    [redirect_count] => 0
    [total_time] => 0.564368
    [namelookup_time] => 0.012441
    [connect_time] => 0.181857
    [pretransfer_time] => 0.358798
    [size_upload] => 0
    [size_download] => 579
    [speed_download] => 1025
    [speed_upload] => 0
    [download_content_length] => -1
    [upload_content_length] => 0
    [starttransfer_time] => 0.564323
    [redirect_time] => 0
    [redirect_url] => 
    [primary_ip] => 35.193.186.65
    [certinfo] => Array
        (
        )

    [primary_port] => 443
    [local_ip] => 192.168.0.180
    [local_port] => 58228
    [http_version] => 3
    [protocol] => 2
    [ssl_verifyresult] => 0
    [scheme] => HTTPS
    [appconnect_time_us] => 358550
    [connect_time_us] => 181857
    [namelookup_time_us] => 12441
    [pretransfer_time_us] => 358798
    [redirect_time_us] => 0
    [starttransfer_time_us] => 564323
    [total_time_us] => 564368
    [effective_method] => GET
)

Response: {"id":52,"created_at":1741738915348,"name":"Kotek 2","species":"Pies","breed":"Pitbull","age":"3","adoption_status":"Dostępny","arrival_date":"2025-03-04","description":"Spokojny, przytulaśny","medical_conditions":"Zdrowy","photo":"https://media.istockphoto.com/id/485288986/pl/wektor/przyk%C5%82adowe-zdj%C4%99cie-kot-tajski.jpg?s=1024x1024\u0026w=is\u0026k=20\u0026c=8Ac2RUKvw4TrrS1ps0jSneMIQxHpcj6T3fcp4vM_TeY=","video":"https://c.tenor.com/9LRdFvyeEZAAAAAC/tenor.gif","weight":22,"vaccinations":"Wszystkie","special_needs":"Miłośc, kochanko","behavioral_notes":"Kochany"}

URL: https://x8ki-letl-twmt.n7.xano.io/api:Aq4gqggC/animal/52
Response Code: 200
Error: 
Info: Array
(
    [url] => https://x8ki-letl-twmt.n7.xano.io/api:Aq4gqggC/animal/52
    [content_type] => application/json; charset=UTF-8
    [http_code] => 200
    [header_size] => 824
    [request_size] => 536
    [filetime] => -1
    [ssl_verify_result] => 0
    [redirect_count] => 0
    [total_time] => 0.566586
    [namelookup_time] => 0.001163
    [connect_time] => 0.17022
    [pretransfer_time] => 0.346375
    [size_upload] => 0
    [size_download] => 579
    [speed_download] => 1021
    [speed_upload] => 0
    [download_content_length] => -1
    [upload_content_length] => 0
    [starttransfer_time] => 0.56619
    [redirect_time] => 0
    [redirect_url] => 
    [primary_ip] => 35.193.186.65
    [certinfo] => Array
        (
        )

    [primary_port] => 443
    [local_ip] => 192.168.0.180
    [local_port] => 58231
    [http_version] => 3
    [protocol] => 2
    [ssl_verifyresult] => 0
    [scheme] => HTTPS
    [appconnect_time_us] => 346292
    [connect_time_us] => 170220
    [namelookup_time_us] => 1163
    [pretransfer_time_us] => 346375
    [redirect_time_us] => 0
    [starttransfer_time_us] => 566190
    [total_time_us] => 566586
    [effective_method] => GET
)

Response: {"id":52,"created_at":1741738915348,"name":"Kotek 2","species":"Pies","breed":"Pitbull","age":"3","adoption_status":"Dostępny","arrival_date":"2025-03-04","description":"Spokojny, przytulaśny","medical_conditions":"Zdrowy","photo":"https://media.istockphoto.com/id/485288986/pl/wektor/przyk%C5%82adowe-zdj%C4%99cie-kot-tajski.jpg?s=1024x1024\u0026w=is\u0026k=20\u0026c=8Ac2RUKvw4TrrS1ps0jSneMIQxHpcj6T3fcp4vM_TeY=","video":"https://c.tenor.com/9LRdFvyeEZAAAAAC/tenor.gif","weight":22,"vaccinations":"Wszystkie","special_needs":"Miłośc, kochanko","behavioral_notes":"Kochany"}

URL: https://x8ki-letl-twmt.n7.xano.io/api:Aq4gqggC/animal/50
Response Code: 200
Error: 
Info: Array
(
    [url] => https://x8ki-letl-twmt.n7.xano.io/api:Aq4gqggC/animal/50
    [content_type] => application/json; charset=UTF-8
    [http_code] => 200
    [header_size] => 824
    [request_size] => 536
    [filetime] => -1
    [ssl_verify_result] => 0
    [redirect_count] => 0
    [total_time] => 0.577031
    [namelookup_time] => 0.012948
    [connect_time] => 0.194486
    [pretransfer_time] => 0.367779
    [size_upload] => 0
    [size_download] => 589
    [speed_download] => 1020
    [speed_upload] => 0
    [download_content_length] => -1
    [upload_content_length] => 0
    [starttransfer_time] => 0.576804
    [redirect_time] => 0
    [redirect_url] => 
    [primary_ip] => 35.193.186.65
    [certinfo] => Array
        (
        )

    [primary_port] => 443
    [local_ip] => 192.168.0.180
    [local_port] => 59125
    [http_version] => 3
    [protocol] => 2
    [ssl_verifyresult] => 0
    [scheme] => HTTPS
    [appconnect_time_us] => 367669
    [connect_time_us] => 194486
    [namelookup_time_us] => 12948
    [pretransfer_time_us] => 367779
    [redirect_time_us] => 0
    [starttransfer_time_us] => 576804
    [total_time_us] => 577031
    [effective_method] => GET
)

Response: {"id":50,"created_at":1741733609000,"name":"Animal50","species":"Cat","breed":"Siamese","age":"8 years","adoption_status":"Available","arrival_date":"2022-10-31","description":"A lovely cat of breed Siamese.","medical_conditions":"Epilepsy","photo":"https://media.istockphoto.com/id/485288986/pl/wektor/przyk%C5%82adowe-zdj%C4%99cie-kot-tajski.jpg?s=1024x1024\u0026w=is\u0026k=20\u0026c=8Ac2RUKvw4TrrS1ps0jSneMIQxHpcj6T3fcp4vM_TeY=","video":"https://c.tenor.com/9LRdFvyeEZAAAAAC/tenor.gif","weight":41.19,"vaccinations":"Rabies, Distemper","special_needs":"Deaf","behavioral_notes":"Calm"}

URL: https://x8ki-letl-twmt.n7.xano.io/api:Aq4gqggC/animal/50
Response Code: 200
Error: 
Info: Array
(
    [url] => https://x8ki-letl-twmt.n7.xano.io/api:Aq4gqggC/animal/50
    [content_type] => application/json; charset=UTF-8
    [http_code] => 200
    [header_size] => 824
    [request_size] => 536
    [filetime] => -1
    [ssl_verify_result] => 0
    [redirect_count] => 0
    [total_time] => 0.580321
    [namelookup_time] => 0.012183
    [connect_time] => 0.196811
    [pretransfer_time] => 0.372156
    [size_upload] => 0
    [size_download] => 589
    [speed_download] => 1014
    [speed_upload] => 0
    [download_content_length] => -1
    [upload_content_length] => 0
    [starttransfer_time] => 0.580247
    [redirect_time] => 0
    [redirect_url] => 
    [primary_ip] => 35.193.186.65
    [certinfo] => Array
        (
        )

    [primary_port] => 443
    [local_ip] => 192.168.0.180
    [local_port] => 59152
    [http_version] => 3
    [protocol] => 2
    [ssl_verifyresult] => 0
    [scheme] => HTTPS
    [appconnect_time_us] => 372064
    [connect_time_us] => 196811
    [namelookup_time_us] => 12183
    [pretransfer_time_us] => 372156
    [redirect_time_us] => 0
    [starttransfer_time_us] => 580247
    [total_time_us] => 580321
    [effective_method] => GET
)

Response: {"id":50,"created_at":1741733609000,"name":"Animal50","species":"Cat","breed":"Siamese","age":"8 years","adoption_status":"Available","arrival_date":"2022-10-31","description":"A lovely cat of breed Siamese.","medical_conditions":"Epilepsy","photo":"https://media.istockphoto.com/id/485288986/pl/wektor/przyk%C5%82adowe-zdj%C4%99cie-kot-tajski.jpg?s=1024x1024\u0026w=is\u0026k=20\u0026c=8Ac2RUKvw4TrrS1ps0jSneMIQxHpcj6T3fcp4vM_TeY=","video":"https://c.tenor.com/9LRdFvyeEZAAAAAC/tenor.gif","weight":41.19,"vaccinations":"Rabies, Distemper","special_needs":"Deaf","behavioral_notes":"Calm"}

URL: https://x8ki-letl-twmt.n7.xano.io/api:Aq4gqggC/animal/50
Response Code: 200
Error: 
Info: Array
(
    [url] => https://x8ki-letl-twmt.n7.xano.io/api:Aq4gqggC/animal/50
    [content_type] => application/json; charset=UTF-8
    [http_code] => 200
    [header_size] => 824
    [request_size] => 536
    [filetime] => -1
    [ssl_verify_result] => 0
    [redirect_count] => 0
    [total_time] => 0.587877
    [namelookup_time] => 0.034835
    [connect_time] => 0.203645
    [pretransfer_time] => 0.378648
    [size_upload] => 0
    [size_download] => 589
    [speed_download] => 1001
    [speed_upload] => 0
    [download_content_length] => -1
    [upload_content_length] => 0
    [starttransfer_time] => 0.587619
    [redirect_time] => 0
    [redirect_url] => 
    [primary_ip] => 35.193.186.65
    [certinfo] => Array
        (
        )

    [primary_port] => 443
    [local_ip] => 192.168.0.180
    [local_port] => 59180
    [http_version] => 3
    [protocol] => 2
    [ssl_verifyresult] => 0
    [scheme] => HTTPS
    [appconnect_time_us] => 378457
    [connect_time_us] => 203645
    [namelookup_time_us] => 34835
    [pretransfer_time_us] => 378648
    [redirect_time_us] => 0
    [starttransfer_time_us] => 587619
    [total_time_us] => 587877
    [effective_method] => GET
)

Response: {"id":50,"created_at":1741733609000,"name":"Animal50","species":"Cat","breed":"Siamese","age":"8 years","adoption_status":"Available","arrival_date":"2022-10-31","description":"A lovely cat of breed Siamese.","medical_conditions":"Epilepsy","photo":"https://media.istockphoto.com/id/485288986/pl/wektor/przyk%C5%82adowe-zdj%C4%99cie-kot-tajski.jpg?s=1024x1024\u0026w=is\u0026k=20\u0026c=8Ac2RUKvw4TrrS1ps0jSneMIQxHpcj6T3fcp4vM_TeY=","video":"https://c.tenor.com/9LRdFvyeEZAAAAAC/tenor.gif","weight":41.19,"vaccinations":"Rabies, Distemper","special_needs":"Deaf","behavioral_notes":"Calm"}

URL: https://x8ki-letl-twmt.n7.xano.io/api:Aq4gqggC/animal/50
Response Code: 200
Error: 
Info: Array
(
    [url] => https://x8ki-letl-twmt.n7.xano.io/api:Aq4gqggC/animal/50
    [content_type] => application/json; charset=UTF-8
    [http_code] => 200
    [header_size] => 824
    [request_size] => 536
    [filetime] => -1
    [ssl_verify_result] => 0
    [redirect_count] => 0
    [total_time] => 0.560963
    [namelookup_time] => 0.000807
    [connect_time] => 0.174251
    [pretransfer_time] => 0.355166
    [size_upload] => 0
    [size_download] => 592
    [speed_download] => 1055
    [speed_upload] => 0
    [download_content_length] => -1
    [upload_content_length] => 0
    [starttransfer_time] => 0.560714
    [redirect_time] => 0
    [redirect_url] => 
    [primary_ip] => 35.193.186.65
    [certinfo] => Array
        (
        )

    [primary_port] => 443
    [local_ip] => 192.168.0.180
    [local_port] => 59187
    [http_version] => 3
    [protocol] => 2
    [ssl_verifyresult] => 0
    [scheme] => HTTPS
    [appconnect_time_us] => 355079
    [connect_time_us] => 174251
    [namelookup_time_us] => 807
    [pretransfer_time_us] => 355166
    [redirect_time_us] => 0
    [starttransfer_time_us] => 560714
    [total_time_us] => 560963
    [effective_method] => GET
)

Response: {"id":50,"created_at":1741733609000,"name":"Animal50","species":"Kot","breed":"Siamese","age":"8 years","adoption_status":"Dostępny","arrival_date":"2022-10-31","description":"A lovely cat of breed Siamese.ssss","medical_conditions":"Epilepsy","photo":"https://media.istockphoto.com/id/485288986/pl/wektor/przyk%C5%82adowe-zdj%C4%99cie-kot-tajski.jpg?s=1024x1024\u0026w=is\u0026k=20\u0026c=8Ac2RUKvw4TrrS1ps0jSneMIQxHpcj6T3fcp4vM_TeY=","video":"https://c.tenor.com/9LRdFvyeEZAAAAAC/tenor.gif","weight":41.1,"vaccinations":"Rabies, Distemper","special_needs":"Deaf","behavioral_notes":"Calm"}

URL: https://x8ki-letl-twmt.n7.xano.io/api:Aq4gqggC/animal/50
Response Code: 200
Error: 
Info: Array
(
    [url] => https://x8ki-letl-twmt.n7.xano.io/api:Aq4gqggC/animal/50
    [content_type] => application/json; charset=UTF-8
    [http_code] => 200
    [header_size] => 824
    [request_size] => 536
    [filetime] => -1
    [ssl_verify_result] => 0
    [redirect_count] => 0
    [total_time] => 0.658608
    [namelookup_time] => 0.001049
    [connect_time] => 0.171394
    [pretransfer_time] => 0.345502
    [size_upload] => 0
    [size_download] => 592
    [speed_download] => 898
    [speed_upload] => 0
    [download_content_length] => -1
    [upload_content_length] => 0
    [starttransfer_time] => 0.658526
    [redirect_time] => 0
    [redirect_url] => 
    [primary_ip] => 35.193.186.65
    [certinfo] => Array
        (
        )

    [primary_port] => 443
    [local_ip] => 192.168.0.180
    [local_port] => 59191
    [http_version] => 3
    [protocol] => 2
    [ssl_verifyresult] => 0
    [scheme] => HTTPS
    [appconnect_time_us] => 345414
    [connect_time_us] => 171394
    [namelookup_time_us] => 1049
    [pretransfer_time_us] => 345502
    [redirect_time_us] => 0
    [starttransfer_time_us] => 658526
    [total_time_us] => 658608
    [effective_method] => GET
)

Response: {"id":50,"created_at":1741733609000,"name":"Animal50","species":"Kot","breed":"Siamese","age":"8 years","adoption_status":"Dostępny","arrival_date":"2022-10-31","description":"A lovely cat of breed Siamese.ssss","medical_conditions":"Epilepsy","photo":"https://media.istockphoto.com/id/485288986/pl/wektor/przyk%C5%82adowe-zdj%C4%99cie-kot-tajski.jpg?s=1024x1024\u0026w=is\u0026k=20\u0026c=8Ac2RUKvw4TrrS1ps0jSneMIQxHpcj6T3fcp4vM_TeY=","video":"https://c.tenor.com/9LRdFvyeEZAAAAAC/tenor.gif","weight":41.1,"vaccinations":"Rabies, Distemper","special_needs":"Deaf","behavioral_notes":"Calm"}

