URL: https://x8ki-letl-twmt.n7.xano.io/api:Aq4gqggC/staff
Response Code: 200
Error: 
Info: Array
(
    [url] => https://x8ki-letl-twmt.n7.xano.io/api:Aq4gqggC/staff
    [content_type] => application/json; charset=UTF-8
    [http_code] => 200
    [header_size] => 824
    [request_size] => 532
    [filetime] => -1
    [ssl_verify_result] => 0
    [redirect_count] => 0
    [total_time] => 0.55066
    [namelookup_time] => 0.00095
    [connect_time] => 0.169997
    [pretransfer_time] => 0.343065
    [size_upload] => 0
    [size_download] => 2
    [speed_download] => 3
    [speed_upload] => 0
    [download_content_length] => -1
    [upload_content_length] => 0
    [starttransfer_time] => 0.550205
    [redirect_time] => 0
    [redirect_url] => 
    [primary_ip] => 35.193.186.65
    [certinfo] => Array
        (
        )

    [primary_port] => 443
    [local_ip] => 192.168.0.180
    [local_port] => 57917
    [http_version] => 3
    [protocol] => 2
    [ssl_verifyresult] => 0
    [scheme] => HTTPS
    [appconnect_time_us] => 342929
    [connect_time_us] => 169997
    [namelookup_time_us] => 950
    [pretransfer_time_us] => 343065
    [redirect_time_us] => 0
    [starttransfer_time_us] => 550205
    [total_time_us] => 550660
    [effective_method] => GET
)

Response: []

URL: https://x8ki-letl-twmt.n7.xano.io/api:Aq4gqggC/staff
Response Code: 200
Error: 
Info: Array
(
    [url] => https://x8ki-letl-twmt.n7.xano.io/api:Aq4gqggC/staff
    [content_type] => application/json; charset=UTF-8
    [http_code] => 200
    [header_size] => 824
    [request_size] => 532
    [filetime] => -1
    [ssl_verify_result] => 0
    [redirect_count] => 0
    [total_time] => 0.572086
    [namelookup_time] => 0.01205
    [connect_time] => 0.181272
    [pretransfer_time] => 0.358437
    [size_upload] => 0
    [size_download] => 2
    [speed_download] => 3
    [speed_upload] => 0
    [download_content_length] => -1
    [upload_content_length] => 0
    [starttransfer_time] => 0.572037
    [redirect_time] => 0
    [redirect_url] => 
    [primary_ip] => 35.193.186.65
    [certinfo] => Array
        (
        )

    [primary_port] => 443
    [local_ip] => 192.168.0.180
    [local_port] => 57944
    [http_version] => 3
    [protocol] => 2
    [ssl_verifyresult] => 0
    [scheme] => HTTPS
    [appconnect_time_us] => 358259
    [connect_time_us] => 181272
    [namelookup_time_us] => 12050
    [pretransfer_time_us] => 358437
    [redirect_time_us] => 0
    [starttransfer_time_us] => 572037
    [total_time_us] => 572086
    [effective_method] => GET
)

Response: []

URL: https://x8ki-letl-twmt.n7.xano.io/api:Aq4gqggC/staff
Response Code: 200
Error: 
Info: Array
(
    [url] => https://x8ki-letl-twmt.n7.xano.io/api:Aq4gqggC/staff
    [content_type] => application/json; charset=UTF-8
    [http_code] => 200
    [header_size] => 824
    [request_size] => 532
    [filetime] => -1
    [ssl_verify_result] => 0
    [redirect_count] => 0
    [total_time] => 0.577394
    [namelookup_time] => 0.015119
    [connect_time] => 0.19219
    [pretransfer_time] => 0.365518
    [size_upload] => 0
    [size_download] => 207
    [speed_download] => 358
    [speed_upload] => 0
    [download_content_length] => -1
    [upload_content_length] => 0
    [starttransfer_time] => 0.577373
    [redirect_time] => 0
    [redirect_url] => 
    [primary_ip] => 35.193.186.65
    [certinfo] => Array
        (
        )

    [primary_port] => 443
    [local_ip] => 192.168.0.180
    [local_port] => 57997
    [http_version] => 3
    [protocol] => 2
    [ssl_verifyresult] => 0
    [scheme] => HTTPS
    [appconnect_time_us] => 365410
    [connect_time_us] => 192190
    [namelookup_time_us] => 15119
    [pretransfer_time_us] => 365518
    [redirect_time_us] => 0
    [starttransfer_time_us] => 577373
    [total_time_us] => 577394
    [effective_method] => GET
)

Response: [{"id":1,"created_at":1741739930868,"name":"Paweł Małek","email":"pmalek74198@gmail.com","password":""},{"id":2,"created_at":1741739942291,"name":"Pracownik Telemedi","email":"test@test.pl","password":""}]

URL: https://x8ki-letl-twmt.n7.xano.io/api:Aq4gqggC/staff
Response Code: 200
Error: 
Info: Array
(
    [url] => https://x8ki-letl-twmt.n7.xano.io/api:Aq4gqggC/staff
    [content_type] => application/json; charset=UTF-8
    [http_code] => 200
    [header_size] => 824
    [request_size] => 532
    [filetime] => -1
    [ssl_verify_result] => 0
    [redirect_count] => 0
    [total_time] => 0.574787
    [namelookup_time] => 0.014064
    [connect_time] => 0.185458
    [pretransfer_time] => 0.365137
    [size_upload] => 0
    [size_download] => 207
    [speed_download] => 360
    [speed_upload] => 0
    [download_content_length] => -1
    [upload_content_length] => 0
    [starttransfer_time] => 0.574581
    [redirect_time] => 0
    [redirect_url] => 
    [primary_ip] => 35.193.186.65
    [certinfo] => Array
        (
        )

    [primary_port] => 443
    [local_ip] => 192.168.0.180
    [local_port] => 58028
    [http_version] => 3
    [protocol] => 2
    [ssl_verifyresult] => 0
    [scheme] => HTTPS
    [appconnect_time_us] => 364930
    [connect_time_us] => 185458
    [namelookup_time_us] => 14064
    [pretransfer_time_us] => 365137
    [redirect_time_us] => 0
    [starttransfer_time_us] => 574581
    [total_time_us] => 574787
    [effective_method] => GET
)

Response: [{"id":1,"created_at":1741739930868,"name":"Paweł Małek","email":"pmalek74198@gmail.com","password":""},{"id":2,"created_at":1741739942291,"name":"Pracownik Telemedi","email":"test@test.pl","password":""}]

URL: https://x8ki-letl-twmt.n7.xano.io/api:Aq4gqggC/staff
Response Code: 200
Error: 
Info: Array
(
    [url] => https://x8ki-letl-twmt.n7.xano.io/api:Aq4gqggC/staff
    [content_type] => application/json; charset=UTF-8
    [http_code] => 200
    [header_size] => 824
    [request_size] => 532
    [filetime] => -1
    [ssl_verify_result] => 0
    [redirect_count] => 0
    [total_time] => 0.610196
    [namelookup_time] => 0.036529
    [connect_time] => 0.205687
    [pretransfer_time] => 0.403893
    [size_upload] => 0
    [size_download] => 207
    [speed_download] => 339
    [speed_upload] => 0
    [download_content_length] => -1
    [upload_content_length] => 0
    [starttransfer_time] => 0.610167
    [redirect_time] => 0
    [redirect_url] => 
    [primary_ip] => 35.193.186.65
    [certinfo] => Array
        (
        )

    [primary_port] => 443
    [local_ip] => 192.168.0.180
    [local_port] => 58044
    [http_version] => 3
    [protocol] => 2
    [ssl_verifyresult] => 0
    [scheme] => HTTPS
    [appconnect_time_us] => 403637
    [connect_time_us] => 205687
    [namelookup_time_us] => 36529
    [pretransfer_time_us] => 403893
    [redirect_time_us] => 0
    [starttransfer_time_us] => 610167
    [total_time_us] => 610196
    [effective_method] => GET
)

Response: [{"id":1,"created_at":1741739930868,"name":"Paweł Małek","email":"pmalek74198@gmail.com","password":""},{"id":2,"created_at":1741739942291,"name":"Pracownik Telemedi","email":"test@test.pl","password":""}]

URL: https://x8ki-letl-twmt.n7.xano.io/api:Aq4gqggC/staff
Response Code: 200
Error: 
Info: Array
(
    [url] => https://x8ki-letl-twmt.n7.xano.io/api:Aq4gqggC/staff
    [content_type] => application/json; charset=UTF-8
    [http_code] => 200
    [header_size] => 824
    [request_size] => 532
    [filetime] => -1
    [ssl_verify_result] => 0
    [redirect_count] => 0
    [total_time] => 0.559184
    [namelookup_time] => 0.012014
    [connect_time] => 0.180421
    [pretransfer_time] => 0.35499
    [size_upload] => 0
    [size_download] => 207
    [speed_download] => 370
    [speed_upload] => 0
    [download_content_length] => -1
    [upload_content_length] => 0
    [starttransfer_time] => 0.558808
    [redirect_time] => 0
    [redirect_url] => 
    [primary_ip] => 35.193.186.65
    [certinfo] => Array
        (
        )

    [primary_port] => 443
    [local_ip] => 192.168.0.180
    [local_port] => 58117
    [http_version] => 3
    [protocol] => 2
    [ssl_verifyresult] => 0
    [scheme] => HTTPS
    [appconnect_time_us] => 354899
    [connect_time_us] => 180421
    [namelookup_time_us] => 12014
    [pretransfer_time_us] => 354990
    [redirect_time_us] => 0
    [starttransfer_time_us] => 558808
    [total_time_us] => 559184
    [effective_method] => GET
)

Response: [{"id":1,"created_at":1741739930868,"name":"Paweł Małek","email":"pmalek74198@gmail.com","password":""},{"id":2,"created_at":1741739942291,"name":"Pracownik Telemedi","email":"test@test.pl","password":""}]

URL: https://x8ki-letl-twmt.n7.xano.io/api:Aq4gqggC/staff
Response Code: 200
Error: 
Info: Array
(
    [url] => https://x8ki-letl-twmt.n7.xano.io/api:Aq4gqggC/staff
    [content_type] => application/json; charset=UTF-8
    [http_code] => 200
    [header_size] => 824
    [request_size] => 532
    [filetime] => -1
    [ssl_verify_result] => 0
    [redirect_count] => 0
    [total_time] => 0.579941
    [namelookup_time] => 0.011653
    [connect_time] => 0.196504
    [pretransfer_time] => 0.371831
    [size_upload] => 0
    [size_download] => 207
    [speed_download] => 356
    [speed_upload] => 0
    [download_content_length] => -1
    [upload_content_length] => 0
    [starttransfer_time] => 0.579403
    [redirect_time] => 0
    [redirect_url] => 
    [primary_ip] => 35.193.186.65
    [certinfo] => Array
        (
        )

    [primary_port] => 443
    [local_ip] => 192.168.0.180
    [local_port] => 58131
    [http_version] => 3
    [protocol] => 2
    [ssl_verifyresult] => 0
    [scheme] => HTTPS
    [appconnect_time_us] => 371724
    [connect_time_us] => 196504
    [namelookup_time_us] => 11653
    [pretransfer_time_us] => 371831
    [redirect_time_us] => 0
    [starttransfer_time_us] => 579403
    [total_time_us] => 579941
    [effective_method] => GET
)

Response: [{"id":1,"created_at":1741739930868,"name":"Paweł Małek","email":"pmalek74198@gmail.com","password":""},{"id":2,"created_at":1741739942291,"name":"Pracownik Telemedi","email":"test@test.pl","password":""}]

URL: https://x8ki-letl-twmt.n7.xano.io/api:Aq4gqggC/staff
Response Code: 200
Error: 
Info: Array
(
    [url] => https://x8ki-letl-twmt.n7.xano.io/api:Aq4gqggC/staff
    [content_type] => application/json; charset=UTF-8
    [http_code] => 200
    [header_size] => 824
    [request_size] => 532
    [filetime] => -1
    [ssl_verify_result] => 0
    [redirect_count] => 0
    [total_time] => 0.559604
    [namelookup_time] => 0.001002
    [connect_time] => 0.169562
    [pretransfer_time] => 0.347441
    [size_upload] => 0
    [size_download] => 207
    [speed_download] => 369
    [speed_upload] => 0
    [download_content_length] => -1
    [upload_content_length] => 0
    [starttransfer_time] => 0.558964
    [redirect_time] => 0
    [redirect_url] => 
    [primary_ip] => 35.193.186.65
    [certinfo] => Array
        (
        )

    [primary_port] => 443
    [local_ip] => 192.168.0.180
    [local_port] => 58242
    [http_version] => 3
    [protocol] => 2
    [ssl_verifyresult] => 0
    [scheme] => HTTPS
    [appconnect_time_us] => 347333
    [connect_time_us] => 169562
    [namelookup_time_us] => 1002
    [pretransfer_time_us] => 347441
    [redirect_time_us] => 0
    [starttransfer_time_us] => 558964
    [total_time_us] => 559604
    [effective_method] => GET
)

Response: [{"id":1,"created_at":1741739930868,"name":"Paweł Małek","email":"pmalek74198@gmail.com","password":""},{"id":2,"created_at":1741739942291,"name":"Pracownik Telemedi","email":"test@test.pl","password":""}]

URL: https://x8ki-letl-twmt.n7.xano.io/api:Aq4gqggC/staff
Response Code: 200
Error: 
Info: Array
(
    [url] => https://x8ki-letl-twmt.n7.xano.io/api:Aq4gqggC/staff
    [content_type] => application/json; charset=UTF-8
    [http_code] => 200
    [header_size] => 824
    [request_size] => 532
    [filetime] => -1
    [ssl_verify_result] => 0
    [redirect_count] => 0
    [total_time] => 0.624286
    [namelookup_time] => 0.048905
    [connect_time] => 0.235874
    [pretransfer_time] => 0.409064
    [size_upload] => 0
    [size_download] => 207
    [speed_download] => 331
    [speed_upload] => 0
    [download_content_length] => -1
    [upload_content_length] => 0
    [starttransfer_time] => 0.624231
    [redirect_time] => 0
    [redirect_url] => 
    [primary_ip] => 35.193.186.65
    [certinfo] => Array
        (
        )

    [primary_port] => 443
    [local_ip] => 192.168.0.180
    [local_port] => 58568
    [http_version] => 3
    [protocol] => 2
    [ssl_verifyresult] => 0
    [scheme] => HTTPS
    [appconnect_time_us] => 408973
    [connect_time_us] => 235874
    [namelookup_time_us] => 48905
    [pretransfer_time_us] => 409064
    [redirect_time_us] => 0
    [starttransfer_time_us] => 624231
    [total_time_us] => 624286
    [effective_method] => GET
)

Response: [{"id":1,"created_at":1741739930868,"name":"Paweł Małek","email":"pmalek74198@gmail.com","password":""},{"id":2,"created_at":1741739942291,"name":"Pracownik Telemedi","email":"test@test.pl","password":""}]

URL: https://x8ki-letl-twmt.n7.xano.io/api:Aq4gqggC/staff
Response Code: 200
Error: 
Info: Array
(
    [url] => https://x8ki-letl-twmt.n7.xano.io/api:Aq4gqggC/staff
    [content_type] => application/json; charset=UTF-8
    [http_code] => 200
    [header_size] => 824
    [request_size] => 532
    [filetime] => -1
    [ssl_verify_result] => 0
    [redirect_count] => 0
    [total_time] => 0.569311
    [namelookup_time] => 0.013791
    [connect_time] => 0.181408
    [pretransfer_time] => 0.355325
    [size_upload] => 0
    [size_download] => 207
    [speed_download] => 363
    [speed_upload] => 0
    [download_content_length] => -1
    [upload_content_length] => 0
    [starttransfer_time] => 0.569081
    [redirect_time] => 0
    [redirect_url] => 
    [primary_ip] => 35.193.186.65
    [certinfo] => Array
        (
        )

    [primary_port] => 443
    [local_ip] => 192.168.0.180
    [local_port] => 59043
    [http_version] => 3
    [protocol] => 2
    [ssl_verifyresult] => 0
    [scheme] => HTTPS
    [appconnect_time_us] => 355216
    [connect_time_us] => 181408
    [namelookup_time_us] => 13791
    [pretransfer_time_us] => 355325
    [redirect_time_us] => 0
    [starttransfer_time_us] => 569081
    [total_time_us] => 569311
    [effective_method] => GET
)

Response: [{"id":1,"created_at":1741739930868,"name":"Paweł Małek","email":"pmalek74198@gmail.com","password":""},{"id":2,"created_at":1741739942291,"name":"Pracownik Telemedi","email":"test@test.pl","password":""}]

URL: https://x8ki-letl-twmt.n7.xano.io/api:Aq4gqggC/staff
Response Code: 200
Error: 
Info: Array
(
    [url] => https://x8ki-letl-twmt.n7.xano.io/api:Aq4gqggC/staff
    [content_type] => application/json; charset=UTF-8
    [http_code] => 200
    [header_size] => 824
    [request_size] => 532
    [filetime] => -1
    [ssl_verify_result] => 0
    [redirect_count] => 0
    [total_time] => 0.552163
    [namelookup_time] => 0.000949
    [connect_time] => 0.170135
    [pretransfer_time] => 0.344475
    [size_upload] => 0
    [size_download] => 207
    [speed_download] => 374
    [speed_upload] => 0
    [download_content_length] => -1
    [upload_content_length] => 0
    [starttransfer_time] => 0.551666
    [redirect_time] => 0
    [redirect_url] => 
    [primary_ip] => 35.193.186.65
    [certinfo] => Array
        (
        )

    [primary_port] => 443
    [local_ip] => 192.168.0.180
    [local_port] => 59216
    [http_version] => 3
    [protocol] => 2
    [ssl_verifyresult] => 0
    [scheme] => HTTPS
    [appconnect_time_us] => 344390
    [connect_time_us] => 170135
    [namelookup_time_us] => 949
    [pretransfer_time_us] => 344475
    [redirect_time_us] => 0
    [starttransfer_time_us] => 551666
    [total_time_us] => 552163
    [effective_method] => GET
)

Response: [{"id":1,"created_at":1741739930868,"name":"Paweł Małek","email":"pmalek74198@gmail.com","password":""},{"id":2,"created_at":1741739942291,"name":"Pracownik Telemedi","email":"test@test.pl","password":""}]

URL: https://x8ki-letl-twmt.n7.xano.io/api:Aq4gqggC/staff
Response Code: 200
Error: 
Info: Array
(
    [url] => https://x8ki-letl-twmt.n7.xano.io/api:Aq4gqggC/staff
    [content_type] => application/json; charset=UTF-8
    [http_code] => 200
    [header_size] => 824
    [request_size] => 532
    [filetime] => -1
    [ssl_verify_result] => 0
    [redirect_count] => 0
    [total_time] => 0.58016
    [namelookup_time] => 0.000959
    [connect_time] => 0.170381
    [pretransfer_time] => 0.352608
    [size_upload] => 0
    [size_download] => 207
    [speed_download] => 356
    [speed_upload] => 0
    [download_content_length] => -1
    [upload_content_length] => 0
    [starttransfer_time] => 0.58012
    [redirect_time] => 0
    [redirect_url] => 
    [primary_ip] => 35.193.186.65
    [certinfo] => Array
        (
        )

    [primary_port] => 443
    [local_ip] => 192.168.0.180
    [local_port] => 59240
    [http_version] => 3
    [protocol] => 2
    [ssl_verifyresult] => 0
    [scheme] => HTTPS
    [appconnect_time_us] => 352509
    [connect_time_us] => 170381
    [namelookup_time_us] => 959
    [pretransfer_time_us] => 352608
    [redirect_time_us] => 0
    [starttransfer_time_us] => 580120
    [total_time_us] => 580160
    [effective_method] => GET
)

Response: [{"id":1,"created_at":1741739930868,"name":"Paweł Małek","email":"pmalek74198@gmail.com","password":""},{"id":2,"created_at":1741739942291,"name":"Pracownik Telemedi","email":"test@test.pl","password":""}]

URL: https://x8ki-letl-twmt.n7.xano.io/api:Aq4gqggC/staff
Response Code: 200
Error: 
Info: Array
(
    [url] => https://x8ki-letl-twmt.n7.xano.io/api:Aq4gqggC/staff
    [content_type] => application/json; charset=UTF-8
    [http_code] => 200
    [header_size] => 824
    [request_size] => 532
    [filetime] => -1
    [ssl_verify_result] => 0
    [redirect_count] => 0
    [total_time] => 0.653671
    [namelookup_time] => 0.012701
    [connect_time] => 0.19638
    [pretransfer_time] => 0.374115
    [size_upload] => 0
    [size_download] => 207
    [speed_download] => 316
    [speed_upload] => 0
    [download_content_length] => -1
    [upload_content_length] => 0
    [starttransfer_time] => 0.65305
    [redirect_time] => 0
    [redirect_url] => 
    [primary_ip] => 35.193.186.65
    [certinfo] => Array
        (
        )

    [primary_port] => 443
    [local_ip] => 192.168.0.180
    [local_port] => 59317
    [http_version] => 3
    [protocol] => 2
    [ssl_verifyresult] => 0
    [scheme] => HTTPS
    [appconnect_time_us] => 373973
    [connect_time_us] => 196380
    [namelookup_time_us] => 12701
    [pretransfer_time_us] => 374115
    [redirect_time_us] => 0
    [starttransfer_time_us] => 653050
    [total_time_us] => 653671
    [effective_method] => GET
)

Response: [{"id":1,"created_at":1741739930868,"name":"Paweł Małek","email":"pmalek74198@gmail.com","password":""},{"id":2,"created_at":1741739942291,"name":"Pracownik Telemedi","email":"test@test.pl","password":""}]

URL: https://x8ki-letl-twmt.n7.xano.io/api:Aq4gqggC/staff
Response Code: 200
Error: 
Info: Array
(
    [url] => https://x8ki-letl-twmt.n7.xano.io/api:Aq4gqggC/staff
    [content_type] => application/json; charset=UTF-8
    [http_code] => 200
    [header_size] => 824
    [request_size] => 532
    [filetime] => -1
    [ssl_verify_result] => 0
    [redirect_count] => 0
    [total_time] => 0.560174
    [namelookup_time] => 0.000986
    [connect_time] => 0.169236
    [pretransfer_time] => 0.346418
    [size_upload] => 0
    [size_download] => 207
    [speed_download] => 369
    [speed_upload] => 0
    [download_content_length] => -1
    [upload_content_length] => 0
    [starttransfer_time] => 0.560154
    [redirect_time] => 0
    [redirect_url] => 
    [primary_ip] => 35.193.186.65
    [certinfo] => Array
        (
        )

    [primary_port] => 443
    [local_ip] => 192.168.0.180
    [local_port] => 59327
    [http_version] => 3
    [protocol] => 2
    [ssl_verifyresult] => 0
    [scheme] => HTTPS
    [appconnect_time_us] => 346315
    [connect_time_us] => 169236
    [namelookup_time_us] => 986
    [pretransfer_time_us] => 346418
    [redirect_time_us] => 0
    [starttransfer_time_us] => 560154
    [total_time_us] => 560174
    [effective_method] => GET
)

Response: [{"id":1,"created_at":1741739930868,"name":"Paweł Małek","email":"pmalek74198@gmail.com","password":""},{"id":2,"created_at":1741739942291,"name":"Pracownik Telemedi","email":"test@test.pl","password":""}]

