URL: https://x8ki-letl-twmt.n7.xano.io/api:Aq4gqggC/animal/52
Data: {"animal_id":"52","name":"Kotek 2","species":"Pies","breed":"Pitbull","age":"3","adoption_status":"Dost\u0119pny","arrival_date":"2025-03-04","description":"Spokojny, przytula\u015bny","medical_conditions":"Zdrowy","photo":"https:\/\/media.istockphoto.com\/id\/485288986\/pl\/wektor\/przyk%C5%82adowe-zdj%C4%99cie-kot-tajski.jpg?s=1024x1024&w=is&k=20&c=8Ac2RUKvw4TrrS1ps0jSneMIQxHpcj6T3fcp4vM_TeY=","video":"https:\/\/media1.tenor.com\/m\/9LRdFvyeEZAAAAAC\/cat-cat-wink.gif","weight":22,"vaccinations":"Wszystkie","special_needs":"Mi\u0142o\u015bc, kochanko","behavioral_notes":"Kochany"}
Response Code: 200
Error: 
Info: Array
(
    [url] => https://x8ki-letl-twmt.n7.xano.io/api:Aq4gqggC/animal/52
    [content_type] => application/json; charset=UTF-8
    [http_code] => 200
    [header_size] => 824
    [request_size] => 1147
    [filetime] => -1
    [ssl_verify_result] => 0
    [redirect_count] => 0
    [total_time] => 0.613336
    [namelookup_time] => 0.000847
    [connect_time] => 0.171679
    [pretransfer_time] => 0.352281
    [size_upload] => 588
    [size_download] => 593
    [speed_download] => 966
    [speed_upload] => 958
    [download_content_length] => -1
    [upload_content_length] => 588
    [starttransfer_time] => 0.613031
    [redirect_time] => 0
    [redirect_url] => 
    [primary_ip] => 35.193.186.65
    [certinfo] => Array
        (
        )

    [primary_port] => 443
    [local_ip] => 192.168.0.180
    [local_port] => 56900
    [http_version] => 3
    [protocol] => 2
    [ssl_verifyresult] => 0
    [scheme] => HTTPS
    [appconnect_time_us] => 352105
    [connect_time_us] => 171679
    [namelookup_time_us] => 847
    [pretransfer_time_us] => 352281
    [redirect_time_us] => 0
    [starttransfer_time_us] => 613031
    [total_time_us] => 613336
    [effective_method] => PATCH
)

Response: {"id":52,"created_at":1741738915348,"name":"Kotek 2","species":"Pies","breed":"Pitbull","age":"3","adoption_status":"Dostępny","arrival_date":"2025-03-04","description":"Spokojny, przytulaśny","medical_conditions":"Zdrowy","photo":"https://media.istockphoto.com/id/485288986/pl/wektor/przyk%C5%82adowe-zdj%C4%99cie-kot-tajski.jpg?s=1024x1024\u0026w=is\u0026k=20\u0026c=8Ac2RUKvw4TrrS1ps0jSneMIQxHpcj6T3fcp4vM_TeY=","video":"https://media1.tenor.com/m/9LRdFvyeEZAAAAAC/cat-cat-wink.gif","weight":22,"vaccinations":"Wszystkie","special_needs":"Miłośc, kochanko","behavioral_notes":"Kochany"}

URL: https://x8ki-letl-twmt.n7.xano.io/api:Aq4gqggC/animal/52
Data: {"animal_id":"52","name":"Kotek 2","species":"Pies","breed":"Pitbull","age":"3","adoption_status":"Dost\u0119pny","arrival_date":"2025-03-04","description":"Spokojny, przytula\u015bny","medical_conditions":"Zdrowy","photo":"https:\/\/media.istockphoto.com\/id\/485288986\/pl\/wektor\/przyk%C5%82adowe-zdj%C4%99cie-kot-tajski.jpg?s=1024x1024&w=is&k=20&c=8Ac2RUKvw4TrrS1ps0jSneMIQxHpcj6T3fcp4vM_TeY=","video":"https:\/\/c.tenor.com\/9LRdFvyeEZAAAAAC\/tenor.gif","weight":22,"vaccinations":"Wszystkie","special_needs":"Mi\u0142o\u015bc, kochanko","behavioral_notes":"Kochany"}
Response Code: 200
Error: 
Info: Array
(
    [url] => https://x8ki-letl-twmt.n7.xano.io/api:Aq4gqggC/animal/52
    [content_type] => application/json; charset=UTF-8
    [http_code] => 200
    [header_size] => 824
    [request_size] => 1132
    [filetime] => -1
    [ssl_verify_result] => 0
    [redirect_count] => 0
    [total_time] => 0.617277
    [namelookup_time] => 0.002298
    [connect_time] => 0.172593
    [pretransfer_time] => 0.346054
    [size_upload] => 573
    [size_download] => 579
    [speed_download] => 937
    [speed_upload] => 928
    [download_content_length] => -1
    [upload_content_length] => 573
    [starttransfer_time] => 0.617256
    [redirect_time] => 0
    [redirect_url] => 
    [primary_ip] => 35.193.186.65
    [certinfo] => Array
        (
        )

    [primary_port] => 443
    [local_ip] => 192.168.0.180
    [local_port] => 56973
    [http_version] => 3
    [protocol] => 2
    [ssl_verifyresult] => 0
    [scheme] => HTTPS
    [appconnect_time_us] => 345928
    [connect_time_us] => 172593
    [namelookup_time_us] => 2298
    [pretransfer_time_us] => 346054
    [redirect_time_us] => 0
    [starttransfer_time_us] => 617256
    [total_time_us] => 617277
    [effective_method] => PATCH
)

Response: {"id":52,"created_at":1741738915348,"name":"Kotek 2","species":"Pies","breed":"Pitbull","age":"3","adoption_status":"Dostępny","arrival_date":"2025-03-04","description":"Spokojny, przytulaśny","medical_conditions":"Zdrowy","photo":"https://media.istockphoto.com/id/485288986/pl/wektor/przyk%C5%82adowe-zdj%C4%99cie-kot-tajski.jpg?s=1024x1024\u0026w=is\u0026k=20\u0026c=8Ac2RUKvw4TrrS1ps0jSneMIQxHpcj6T3fcp4vM_TeY=","video":"https://c.tenor.com/9LRdFvyeEZAAAAAC/tenor.gif","weight":22,"vaccinations":"Wszystkie","special_needs":"Miłośc, kochanko","behavioral_notes":"Kochany"}

URL: https://x8ki-letl-twmt.n7.xano.io/api:Aq4gqggC/animal/50
Data: {"animal_id":"50","name":"Animal50","species":"Kot","breed":"Siamese","age":"8 years","adoption_status":"Dost\u0119pny","arrival_date":"2022-10-31","description":"A lovely cat of breed Siamese.ssss","medical_conditions":"Epilepsy","photo":"https:\/\/media.istockphoto.com\/id\/485288986\/pl\/wektor\/przyk%C5%82adowe-zdj%C4%99cie-kot-tajski.jpg?s=1024x1024&w=is&k=20&c=8Ac2RUKvw4TrrS1ps0jSneMIQxHpcj6T3fcp4vM_TeY=","video":"https:\/\/c.tenor.com\/9LRdFvyeEZAAAAAC\/tenor.gif","weight":41.1,"vaccinations":"Rabies, Distemper","special_needs":"Deaf","behavioral_notes":"Calm"}
Response Code: 200
Error: 
Info: Array
(
    [url] => https://x8ki-letl-twmt.n7.xano.io/api:Aq4gqggC/animal/50
    [content_type] => application/json; charset=UTF-8
    [http_code] => 200
    [header_size] => 824
    [request_size] => 1133
    [filetime] => -1
    [ssl_verify_result] => 0
    [redirect_count] => 0
    [total_time] => 0.578429
    [namelookup_time] => 0.001487
    [connect_time] => 0.169744
    [pretransfer_time] => 0.344967
    [size_upload] => 574
    [size_download] => 592
    [speed_download] => 1023
    [speed_upload] => 992
    [download_content_length] => -1
    [upload_content_length] => 574
    [starttransfer_time] => 0.577926
    [redirect_time] => 0
    [redirect_url] => 
    [primary_ip] => 35.193.186.65
    [certinfo] => Array
        (
        )

    [primary_port] => 443
    [local_ip] => 192.168.0.180
    [local_port] => 59183
    [http_version] => 3
    [protocol] => 2
    [ssl_verifyresult] => 0
    [scheme] => HTTPS
    [appconnect_time_us] => 344871
    [connect_time_us] => 169744
    [namelookup_time_us] => 1487
    [pretransfer_time_us] => 344967
    [redirect_time_us] => 0
    [starttransfer_time_us] => 577926
    [total_time_us] => 578429
    [effective_method] => PATCH
)

Response: {"id":50,"created_at":1741733609000,"name":"Animal50","species":"Kot","breed":"Siamese","age":"8 years","adoption_status":"Dostępny","arrival_date":"2022-10-31","description":"A lovely cat of breed Siamese.ssss","medical_conditions":"Epilepsy","photo":"https://media.istockphoto.com/id/485288986/pl/wektor/przyk%C5%82adowe-zdj%C4%99cie-kot-tajski.jpg?s=1024x1024\u0026w=is\u0026k=20\u0026c=8Ac2RUKvw4TrrS1ps0jSneMIQxHpcj6T3fcp4vM_TeY=","video":"https://c.tenor.com/9LRdFvyeEZAAAAAC/tenor.gif","weight":41.1,"vaccinations":"Rabies, Distemper","special_needs":"Deaf","behavioral_notes":"Calm"}

